[ 2018-05-13T17:42:51+08:00 ] 127.0.0.1 /
INFO: [ app_init ] --START--
INFO: Run Behavior\BuildLiteBehavior [ RunTime:0.000021s ]
INFO: [ app_init ] --END-- [ RunTime:0.020733s ]
INFO: [ app_begin ] --START--
INFO: Run Behavior\ReadHtmlCacheBehavior [ RunTime:0.031436s ]
INFO: [ app_begin ] --END-- [ RunTime:0.031493s ]
ERR: 无法加载控制器:Index

[ 2018-05-13T17:42:57+08:00 ] 127.0.0.1 /index.php/home/market/add
INFO: [ app_init ] --START--
INFO: Run Behavior\BuildLiteBehavior [ RunTime:0.000012s ]
INFO: [ app_init ] --END-- [ RunTime:0.000343s ]
INFO: [ app_begin ] --START--
INFO: Run Behavior\ReadHtmlCacheBehavior [ RunTime:0.000642s ]
INFO: [ app_begin ] --END-- [ RunTime:0.000696s ]
ERR: 无法加载控制器:Market

[ 2018-05-13T17:43:07+08:00 ] 127.0.0.1 /home/market/add
INFO: [ app_init ] --START--
INFO: Run Behavior\BuildLiteBehavior [ RunTime:0.000018s ]
INFO: [ app_init ] --END-- [ RunTime:0.000943s ]
INFO: [ app_begin ] --START--
INFO: Run Behavior\ReadHtmlCacheBehavior [ RunTime:0.000386s ]
INFO: [ app_begin ] --END-- [ RunTime:0.000434s ]
ERR: 无法加载控制器:Market

[ 2018-05-13T17:45:04+08:00 ] 127.0.0.1 /home/market/add
INFO: [ app_init ] --START--
INFO: Run Behavior\BuildLiteBehavior [ RunTime:0.000015s ]
INFO: [ app_init ] --END-- [ RunTime:0.000376s ]
INFO: [ app_begin ] --START--
INFO: Run Behavior\ReadHtmlCacheBehavior [ RunTime:0.000870s ]
INFO: [ app_begin ] --END-- [ RunTime:0.000944s ]

[ 2018-05-13T17:45:18+08:00 ] 127.0.0.1 /home/market/add
INFO: [ app_init ] --START--
INFO: Run Behavior\BuildLiteBehavior [ RunTime:0.000015s ]
INFO: [ app_init ] --END-- [ RunTime:0.000466s ]
INFO: [ app_begin ] --START--
INFO: Run Behavior\ReadHtmlCacheBehavior [ RunTime:0.000460s ]
INFO: [ app_begin ] --END-- [ RunTime:0.000505s ]
INFO: [ view_parse ] --START--
INFO: [ template_filter ] --START--
INFO: Run Behavior\ContentReplaceBehavior [ RunTime:0.000035s ]
INFO: [ template_filter ] --END-- [ RunTime:0.000085s ]
INFO: Run Behavior\ParseTemplateBehavior [ RunTime:0.201321s ]
INFO: [ view_parse ] --END-- [ RunTime:0.201390s ]
INFO: [ view_filter ] --START--
INFO: Run Behavior\WriteHtmlCacheBehavior [ RunTime:0.033348s ]
INFO: [ view_filter ] --END-- [ RunTime:0.033405s ]
INFO: [ app_end ] --START--
INFO: Run Behavior\ShowPageTraceBehavior [ RunTime:0.015695s ]
INFO: [ app_end ] --END-- [ RunTime:0.015745s ]

[ 2018-05-13T17:46:42+08:00 ] 127.0.0.1 /home/market/add
INFO: [ app_init ] --START--
INFO: Run Behavior\BuildLiteBehavior [ RunTime:0.000014s ]
INFO: [ app_init ] --END-- [ RunTime:0.000346s ]
INFO: [ app_begin ] --START--
INFO: Run Behavior\ReadHtmlCacheBehavior [ RunTime:0.000456s ]
INFO: [ app_begin ] --END-- [ RunTime:0.000514s ]
INFO: [ view_parse ] --START--
INFO: [ template_filter ] --START--
INFO: Run Behavior\ContentReplaceBehavior [ RunTime:0.000056s ]
INFO: [ template_filter ] --END-- [ RunTime:0.000160s ]
INFO: Run Behavior\ParseTemplateBehavior [ RunTime:0.015019s ]
INFO: [ view_parse ] --END-- [ RunTime:0.015108s ]
INFO: [ view_filter ] --START--
INFO: Run Behavior\WriteHtmlCacheBehavior [ RunTime:0.000612s ]
INFO: [ view_filter ] --END-- [ RunTime:0.000663s ]
INFO: [ app_end ] --START--
INFO: Run Behavior\ShowPageTraceBehavior [ RunTime:0.000812s ]
INFO: [ app_end ] --END-- [ RunTime:0.000875s ]

[ 2018-05-13T17:46:58+08:00 ] 127.0.0.1 /index.php/home/market/doadd.html
INFO: [ app_init ] --START--
INFO: Run Behavior\BuildLiteBehavior [ RunTime:0.000013s ]
INFO: [ app_init ] --END-- [ RunTime:0.000305s ]
INFO: [ app_begin ] --START--
INFO: Run Behavior\ReadHtmlCacheBehavior [ RunTime:0.000370s ]
INFO: [ app_begin ] --END-- [ RunTime:0.000425s ]

[ 2018-05-13T17:48:20+08:00 ] 127.0.0.1 /index.php/home/market/doadd.html
INFO: [ app_init ] --START--
INFO: Run Behavior\BuildLiteBehavior [ RunTime:0.000013s ]
INFO: [ app_init ] --END-- [ RunTime:0.000361s ]
INFO: [ app_begin ] --START--
INFO: Run Behavior\ReadHtmlCacheBehavior [ RunTime:0.000473s ]
INFO: [ app_begin ] --END-- [ RunTime:0.000516s ]
ERR: 1146:Table 'dianshang.market' doesn't exist
 [ SQL语句 ] : SHOW COLUMNS FROM `market`
ERR: 1146:Table 'dianshang.market' doesn't exist
 [ SQL语句 ] : SHOW COLUMNS FROM `market`

[ 2018-05-13T17:49:35+08:00 ] 127.0.0.1 /index.php/home/market/doadd.html
INFO: [ app_init ] --START--
INFO: Run Behavior\BuildLiteBehavior [ RunTime:0.000019s ]
INFO: [ app_init ] --END-- [ RunTime:0.000576s ]
INFO: [ app_begin ] --START--
INFO: Run Behavior\ReadHtmlCacheBehavior [ RunTime:0.000869s ]
INFO: [ app_begin ] --END-- [ RunTime:0.000946s ]
ERR: 1146:Table 'dianshang.market' doesn't exist
 [ SQL语句 ] : SHOW COLUMNS FROM `market`
ERR: 1146:Table 'dianshang.market' doesn't exist
 [ SQL语句 ] : SHOW COLUMNS FROM `market`

[ 2018-05-13T17:50:50+08:00 ] 127.0.0.1 /home/market/add
INFO: [ app_init ] --START--
INFO: Run Behavior\BuildLiteBehavior [ RunTime:0.000016s ]
INFO: [ app_init ] --END-- [ RunTime:0.000455s ]
INFO: [ app_begin ] --START--
INFO: Run Behavior\ReadHtmlCacheBehavior [ RunTime:0.000634s ]
INFO: [ app_begin ] --END-- [ RunTime:0.000704s ]
INFO: [ view_parse ] --START--
INFO: [ template_filter ] --START--
INFO: Run Behavior\ContentReplaceBehavior [ RunTime:0.000040s ]
INFO: [ template_filter ] --END-- [ RunTime:0.000102s ]
INFO: Run Behavior\ParseTemplateBehavior [ RunTime:0.019176s ]
INFO: [ view_parse ] --END-- [ RunTime:0.019263s ]
INFO: [ view_filter ] --START--
INFO: Run Behavior\WriteHtmlCacheBehavior [ RunTime:0.000448s ]
INFO: [ view_filter ] --END-- [ RunTime:0.000501s ]
INFO: [ app_end ] --START--
INFO: Run Behavior\ShowPageTraceBehavior [ RunTime:0.000472s ]
INFO: [ app_end ] --END-- [ RunTime:0.000517s ]

[ 2018-05-13T17:50:56+08:00 ] 127.0.0.1 /index.php/home/market/doadd.html
INFO: [ app_init ] --START--
INFO: Run Behavior\BuildLiteBehavior [ RunTime:0.000013s ]
INFO: [ app_init ] --END-- [ RunTime:0.000367s ]
INFO: [ app_begin ] --START--
INFO: Run Behavior\ReadHtmlCacheBehavior [ RunTime:0.000464s ]
INFO: [ app_begin ] --END-- [ RunTime:0.000510s ]
ERR: 1146:Table 'dianshang.market' doesn't exist
 [ SQL语句 ] : SHOW COLUMNS FROM `market`
ERR: 1146:Table 'dianshang.market' doesn't exist
 [ SQL语句 ] : SHOW COLUMNS FROM `market`

[ 2018-05-13T17:51:54+08:00 ] 127.0.0.1 /index.php/home/market/doadd.html
INFO: [ app_init ] --START--
INFO: Run Behavior\BuildLiteBehavior [ RunTime:0.000014s ]
INFO: [ app_init ] --END-- [ RunTime:0.000339s ]
INFO: [ app_begin ] --START--
INFO: Run Behavior\ReadHtmlCacheBehavior [ RunTime:0.000406s ]
INFO: [ app_begin ] --END-- [ RunTime:0.000457s ]
SQL: SHOW COLUMNS FROM `market` [ RunTime:0.0212s ]
NOTIC: [8] Undefined variable: conetent E:\php\htdocs\douban\Application\Home\Controller\MarketController.class.php 第 25 行.
ERR: 1048:Column 'content' cannot be null
 [ SQL语句 ] : INSERT INTO `market` (`name`,`content`,`img`,`price`) VALUES ('',NULL,'','123')
ERR: 1048:Column 'content' cannot be null
 [ SQL语句 ] : INSERT INTO `market` (`name`,`content`,`img`,`price`) VALUES ('',NULL,'','123')

[ 2018-05-13T17:53:28+08:00 ] 127.0.0.1 /home/market/add
INFO: [ app_init ] --START--
INFO: Run Behavior\BuildLiteBehavior [ RunTime:0.000014s ]
INFO: [ app_init ] --END-- [ RunTime:0.000425s ]
INFO: [ app_begin ] --START--
INFO: Run Behavior\ReadHtmlCacheBehavior [ RunTime:0.000471s ]
INFO: [ app_begin ] --END-- [ RunTime:0.000515s ]
INFO: [ view_parse ] --START--
INFO: [ template_filter ] --START--
INFO: Run Behavior\ContentReplaceBehavior [ RunTime:0.000030s ]
INFO: [ template_filter ] --END-- [ RunTime:0.000082s ]
INFO: Run Behavior\ParseTemplateBehavior [ RunTime:0.007975s ]
INFO: [ view_parse ] --END-- [ RunTime:0.008026s ]
INFO: [ view_filter ] --START--
INFO: Run Behavior\WriteHtmlCacheBehavior [ RunTime:0.000368s ]
INFO: [ view_filter ] --END-- [ RunTime:0.000401s ]
INFO: [ app_end ] --START--
INFO: Run Behavior\ShowPageTraceBehavior [ RunTime:0.000496s ]
INFO: [ app_end ] --END-- [ RunTime:0.000534s ]

[ 2018-05-13T17:53:33+08:00 ] 127.0.0.1 /index.php/home/market/doadd.html
INFO: [ app_init ] --START--
INFO: Run Behavior\BuildLiteBehavior [ RunTime:0.000012s ]
INFO: [ app_init ] --END-- [ RunTime:0.000300s ]
INFO: [ app_begin ] --START--
INFO: Run Behavior\ReadHtmlCacheBehavior [ RunTime:0.000380s ]
INFO: [ app_begin ] --END-- [ RunTime:0.000432s ]
SQL: SHOW COLUMNS FROM `market` [ RunTime:0.0847s ]
NOTIC: [8] Undefined variable: conetent E:\php\htdocs\douban\Application\Home\Controller\MarketController.class.php 第 24 行.
NOTIC: [8] Undefined variable: img E:\php\htdocs\douban\Application\Home\Controller\MarketController.class.php 第 24 行.
ERR: 1048:Column 'content' cannot be null
 [ SQL语句 ] : INSERT INTO `market` (`name`,`content`,`price`) VALUES ('',NULL,NULL)
ERR: 1048:Column 'content' cannot be null
 [ SQL语句 ] : INSERT INTO `market` (`name`,`content`,`price`) VALUES ('',NULL,NULL)

[ 2018-05-13T17:53:59+08:00 ] 127.0.0.1 /index.php/home/market/doadd.html
INFO: [ app_init ] --START--
INFO: Run Behavior\BuildLiteBehavior [ RunTime:0.000013s ]
INFO: [ app_init ] --END-- [ RunTime:0.000324s ]
INFO: [ app_begin ] --START--
INFO: Run Behavior\ReadHtmlCacheBehavior [ RunTime:0.000469s ]
INFO: [ app_begin ] --END-- [ RunTime:0.000515s ]
SQL: SHOW COLUMNS FROM `market` [ RunTime:0.0181s ]
NOTIC: [8] Undefined variable: conetent E:\php\htdocs\douban\Application\Home\Controller\MarketController.class.php 第 24 行.
ERR: 1048:Column 'content' cannot be null
 [ SQL语句 ] : INSERT INTO `market` (`name`,`content`,`price`) VALUES ('',NULL,'123156')
ERR: 1048:Column 'content' cannot be null
 [ SQL语句 ] : INSERT INTO `market` (`name`,`content`,`price`) VALUES ('',NULL,'123156')

[ 2018-05-13T17:54:09+08:00 ] 127.0.0.1 /home/market/add
INFO: [ app_init ] --START--
INFO: Run Behavior\BuildLiteBehavior [ RunTime:0.000012s ]
INFO: [ app_init ] --END-- [ RunTime:0.000319s ]
INFO: [ app_begin ] --START--
INFO: Run Behavior\ReadHtmlCacheBehavior [ RunTime:0.000444s ]
INFO: [ app_begin ] --END-- [ RunTime:0.000507s ]
INFO: [ view_parse ] --START--
INFO: [ template_filter ] --START--
INFO: Run Behavior\ContentReplaceBehavior [ RunTime:0.000031s ]
INFO: [ template_filter ] --END-- [ RunTime:0.000083s ]
INFO: Run Behavior\ParseTemplateBehavior [ RunTime:0.006180s ]
INFO: [ view_parse ] --END-- [ RunTime:0.006249s ]
INFO: [ view_filter ] --START--
INFO: Run Behavior\WriteHtmlCacheBehavior [ RunTime:0.000288s ]
INFO: [ view_filter ] --END-- [ RunTime:0.000336s ]
INFO: [ app_end ] --START--
INFO: Run Behavior\ShowPageTraceBehavior [ RunTime:0.000518s ]
INFO: [ app_end ] --END-- [ RunTime:0.000567s ]

[ 2018-05-13T17:54:17+08:00 ] 127.0.0.1 /index.php/home/market/doadd.html
INFO: [ app_init ] --START--
INFO: Run Behavior\BuildLiteBehavior [ RunTime:0.000014s ]
INFO: [ app_init ] --END-- [ RunTime:0.000325s ]
INFO: [ app_begin ] --START--
INFO: Run Behavior\ReadHtmlCacheBehavior [ RunTime:0.000390s ]
INFO: [ app_begin ] --END-- [ RunTime:0.000440s ]
SQL: SHOW COLUMNS FROM `market` [ RunTime:0.1001s ]
NOTIC: [8] Undefined variable: conetent E:\php\htdocs\douban\Application\Home\Controller\MarketController.class.php 第 24 行.
ERR: 1048:Column 'content' cannot be null
 [ SQL语句 ] : INSERT INTO `market` (`name`,`content`,`price`) VALUES ('',NULL,'123')
ERR: 1048:Column 'content' cannot be null
 [ SQL语句 ] : INSERT INTO `market` (`name`,`content`,`price`) VALUES ('',NULL,'123')

[ 2018-05-13T17:55:18+08:00 ] 127.0.0.1 /home/market/add
INFO: [ app_init ] --START--
INFO: Run Behavior\BuildLiteBehavior [ RunTime:0.000019s ]
INFO: [ app_init ] --END-- [ RunTime:0.000400s ]
INFO: [ app_begin ] --START--
INFO: Run Behavior\ReadHtmlCacheBehavior [ RunTime:0.000554s ]
INFO: [ app_begin ] --END-- [ RunTime:0.000619s ]
INFO: [ view_parse ] --START--
INFO: [ template_filter ] --START--
INFO: Run Behavior\ContentReplaceBehavior [ RunTime:0.000148s ]
INFO: [ template_filter ] --END-- [ RunTime:0.000441s ]
INFO: Run Behavior\ParseTemplateBehavior [ RunTime:0.015322s ]
INFO: [ view_parse ] --END-- [ RunTime:0.015444s ]
INFO: [ view_filter ] --START--
INFO: Run Behavior\WriteHtmlCacheBehavior [ RunTime:0.001127s ]
INFO: [ view_filter ] --END-- [ RunTime:0.001280s ]
INFO: [ app_end ] --START--
INFO: Run Behavior\ShowPageTraceBehavior [ RunTime:0.000754s ]
INFO: [ app_end ] --END-- [ RunTime:0.000890s ]

[ 2018-05-13T17:55:22+08:00 ] 127.0.0.1 /index.php/home/market/doadd.html
INFO: [ app_init ] --START--
INFO: Run Behavior\BuildLiteBehavior [ RunTime:0.000011s ]
INFO: [ app_init ] --END-- [ RunTime:0.000276s ]
INFO: [ app_begin ] --START--
INFO: Run Behavior\ReadHtmlCacheBehavior [ RunTime:0.000467s ]
INFO: [ app_begin ] --END-- [ RunTime:0.000524s ]
SQL: SHOW COLUMNS FROM `market` [ RunTime:0.1057s ]
NOTIC: [8] Undefined variable: conetent E:\php\htdocs\douban\Application\Home\Controller\MarketController.class.php 第 24 行.
ERR: 1048:Column 'content' cannot be null
 [ SQL语句 ] : INSERT INTO `market` (`name`,`content`,`price`) VALUES ('qweqw',NULL,'123')
ERR: 1048:Column 'content' cannot be null
 [ SQL语句 ] : INSERT INTO `market` (`name`,`content`,`price`) VALUES ('qweqw',NULL,'123')

[ 2018-05-13T17:55:49+08:00 ] 127.0.0.1 /index.php/home/market/doadd.html
INFO: [ app_init ] --START--
INFO: Run Behavior\BuildLiteBehavior [ RunTime:0.000014s ]
INFO: [ app_init ] --END-- [ RunTime:0.000347s ]
INFO: [ app_begin ] --START--
INFO: Run Behavior\ReadHtmlCacheBehavior [ RunTime:0.000458s ]
INFO: [ app_begin ] --END-- [ RunTime:0.000517s ]
SQL: SHOW COLUMNS FROM `market` [ RunTime:0.0213s ]
SQL: INSERT INTO `market` (`name`,`content`,`price`) VALUES ('qweqw','qweqweqwe','123') [ RunTime:0.1270s ]
INFO: [ app_end ] --START--
INFO: Run Behavior\ShowPageTraceBehavior [ RunTime:0.000513s ]
INFO: [ app_end ] --END-- [ RunTime:0.000556s ]

