[ 2018-05-19T10:41:21+08:00 ] 127.0.0.1 /admin
INFO: [ app_init ] --START--
INFO: Run Behavior\BuildLiteBehavior [ RunTime:0.000011s ]
INFO: [ app_init ] --END-- [ RunTime:0.000322s ]
INFO: [ app_begin ] --START--
INFO: Run Behavior\ReadHtmlCacheBehavior [ RunTime:0.000494s ]
INFO: [ app_begin ] --END-- [ RunTime:0.000538s ]
ERR: 无法加载控制器:Index

[ 2018-05-19T10:41:30+08:00 ] 127.0.0.1 /Admin
INFO: [ app_init ] --START--
INFO: Run Behavior\BuildLiteBehavior [ RunTime:0.000011s ]
INFO: [ app_init ] --END-- [ RunTime:0.000342s ]
INFO: [ app_begin ] --START--
INFO: Run Behavior\ReadHtmlCacheBehavior [ RunTime:0.000560s ]
INFO: [ app_begin ] --END-- [ RunTime:0.000621s ]
ERR: 无法加载控制器:Index

[ 2018-05-19T10:42:13+08:00 ] 127.0.0.1 /index.php/Admin
INFO: [ app_init ] --START--
INFO: Run Behavior\BuildLiteBehavior [ RunTime:0.000011s ]
INFO: [ app_init ] --END-- [ RunTime:0.000379s ]
INFO: [ app_begin ] --START--
INFO: Run Behavior\ReadHtmlCacheBehavior [ RunTime:0.000495s ]
INFO: [ app_begin ] --END-- [ RunTime:0.000536s ]
ERR: 无法加载控制器:Index

[ 2018-05-19T10:42:26+08:00 ] 127.0.0.1 /Admin
INFO: [ app_init ] --START--
INFO: Run Behavior\BuildLiteBehavior [ RunTime:0.000011s ]
INFO: [ app_init ] --END-- [ RunTime:0.000315s ]
INFO: [ app_begin ] --START--
INFO: Run Behavior\ReadHtmlCacheBehavior [ RunTime:0.000396s ]
INFO: [ app_begin ] --END-- [ RunTime:0.000452s ]
ERR: 无法加载控制器:Index

[ 2018-05-19T10:43:03+08:00 ] 127.0.0.1 /Admin
INFO: [ app_init ] --START--
INFO: Run Behavior\BuildLiteBehavior [ RunTime:0.000048s ]
INFO: [ app_init ] --END-- [ RunTime:0.000790s ]

[ 2018-05-19T10:47:40+08:00 ] 127.0.0.1 /Admin
INFO: [ app_init ] --START--
INFO: Run Behavior\BuildLiteBehavior [ RunTime:0.000013s ]
INFO: [ app_init ] --END-- [ RunTime:0.000324s ]

[ 2018-05-19T10:47:49+08:00 ] 127.0.0.1 /Admin
INFO: [ app_init ] --START--
INFO: Run Behavior\BuildLiteBehavior [ RunTime:0.000012s ]
INFO: [ app_init ] --END-- [ RunTime:0.000344s ]
INFO: [ app_begin ] --START--
INFO: Run Behavior\ReadHtmlCacheBehavior [ RunTime:0.000489s ]
INFO: [ app_begin ] --END-- [ RunTime:0.000533s ]
INFO: [ view_parse ] --START--
INFO: [ template_filter ] --START--
INFO: Run Behavior\ContentReplaceBehavior [ RunTime:0.000182s ]
INFO: [ template_filter ] --END-- [ RunTime:0.000233s ]
INFO: Run Behavior\ParseTemplateBehavior [ RunTime:0.021845s ]
INFO: [ view_parse ] --END-- [ RunTime:0.021898s ]
INFO: [ view_filter ] --START--
INFO: Run Behavior\WriteHtmlCacheBehavior [ RunTime:0.000313s ]
INFO: [ view_filter ] --END-- [ RunTime:0.000345s ]
INFO: [ app_end ] --START--
INFO: Run Behavior\ShowPageTraceBehavior [ RunTime:0.000915s ]
INFO: [ app_end ] --END-- [ RunTime:0.001027s ]

[ 2018-05-19T10:47:50+08:00 ] 127.0.0.1 /index.php/Admin/index/main.html
INFO: [ app_init ] --START--
INFO: Run Behavior\BuildLiteBehavior [ RunTime:0.000022s ]
INFO: [ app_init ] --END-- [ RunTime:0.000672s ]
INFO: [ app_begin ] --START--
INFO: Run Behavior\ReadHtmlCacheBehavior [ RunTime:0.000905s ]
INFO: [ app_begin ] --END-- [ RunTime:0.001009s ]
INFO: [ view_parse ] --START--
INFO: [ template_filter ] --START--
INFO: Run Behavior\ContentReplaceBehavior [ RunTime:0.000263s ]
INFO: [ template_filter ] --END-- [ RunTime:0.000347s ]
INFO: Run Behavior\ParseTemplateBehavior [ RunTime:0.097551s ]
INFO: [ view_parse ] --END-- [ RunTime:0.097644s ]
INFO: [ view_filter ] --START--
INFO: Run Behavior\WriteHtmlCacheBehavior [ RunTime:0.000483s ]
INFO: [ view_filter ] --END-- [ RunTime:0.000549s ]
INFO: [ app_end ] --START--
INFO: Run Behavior\ShowPageTraceBehavior [ RunTime:0.000954s ]
INFO: [ app_end ] --END-- [ RunTime:0.001054s ]

[ 2018-05-19T10:48:10+08:00 ] 127.0.0.1 /Admin
INFO: [ app_init ] --START--
INFO: Run Behavior\BuildLiteBehavior [ RunTime:0.000017s ]
INFO: [ app_init ] --END-- [ RunTime:0.000479s ]
INFO: [ app_begin ] --START--
INFO: Run Behavior\ReadHtmlCacheBehavior [ RunTime:0.000747s ]
INFO: [ app_begin ] --END-- [ RunTime:0.000820s ]
INFO: [ view_parse ] --START--
INFO: [ template_filter ] --START--
INFO: Run Behavior\ContentReplaceBehavior [ RunTime:0.000328s ]
INFO: [ template_filter ] --END-- [ RunTime:0.000401s ]
INFO: Run Behavior\ParseTemplateBehavior [ RunTime:0.033325s ]
INFO: [ view_parse ] --END-- [ RunTime:0.033400s ]
INFO: [ view_filter ] --START--
INFO: Run Behavior\WriteHtmlCacheBehavior [ RunTime:0.000453s ]
INFO: [ view_filter ] --END-- [ RunTime:0.000506s ]
INFO: [ app_end ] --START--
INFO: Run Behavior\ShowPageTraceBehavior [ RunTime:0.000939s ]
INFO: [ app_end ] --END-- [ RunTime:0.001027s ]

[ 2018-05-19T10:48:10+08:00 ] 127.0.0.1 /index.php/Admin/index/main.html
INFO: [ app_init ] --START--
INFO: Run Behavior\BuildLiteBehavior [ RunTime:0.000019s ]
INFO: [ app_init ] --END-- [ RunTime:0.000623s ]
INFO: [ app_begin ] --START--
INFO: Run Behavior\ReadHtmlCacheBehavior [ RunTime:0.000955s ]
INFO: [ app_begin ] --END-- [ RunTime:0.001050s ]
INFO: [ view_parse ] --START--
INFO: [ template_filter ] --START--
INFO: Run Behavior\ContentReplaceBehavior [ RunTime:0.000257s ]
INFO: [ template_filter ] --END-- [ RunTime:0.000335s ]
INFO: Run Behavior\ParseTemplateBehavior [ RunTime:0.127653s ]
INFO: [ view_parse ] --END-- [ RunTime:0.127745s ]
INFO: [ view_filter ] --START--
INFO: Run Behavior\WriteHtmlCacheBehavior [ RunTime:0.000647s ]
INFO: [ view_filter ] --END-- [ RunTime:0.000702s ]
INFO: [ app_end ] --START--
INFO: Run Behavior\ShowPageTraceBehavior [ RunTime:0.001740s ]
INFO: [ app_end ] --END-- [ RunTime:0.001999s ]

[ 2018-05-19T10:48:44+08:00 ] 127.0.0.1 /Admin
INFO: [ app_init ] --START--
INFO: Run Behavior\BuildLiteBehavior [ RunTime:0.000012s ]
INFO: [ app_init ] --END-- [ RunTime:0.000318s ]
INFO: [ app_begin ] --START--
INFO: Run Behavior\ReadHtmlCacheBehavior [ RunTime:0.000554s ]
INFO: [ app_begin ] --END-- [ RunTime:0.000606s ]
INFO: [ view_parse ] --START--
INFO: [ template_filter ] --START--
INFO: Run Behavior\ContentReplaceBehavior [ RunTime:0.000180s ]
INFO: [ template_filter ] --END-- [ RunTime:0.000228s ]
INFO: Run Behavior\ParseTemplateBehavior [ RunTime:0.023789s ]
INFO: [ view_parse ] --END-- [ RunTime:0.023848s ]
INFO: [ view_filter ] --START--
INFO: Run Behavior\WriteHtmlCacheBehavior [ RunTime:0.000360s ]
INFO: [ view_filter ] --END-- [ RunTime:0.000392s ]
INFO: [ app_end ] --START--
INFO: Run Behavior\ShowPageTraceBehavior [ RunTime:0.000621s ]
INFO: [ app_end ] --END-- [ RunTime:0.000676s ]

[ 2018-05-19T10:48:44+08:00 ] 127.0.0.1 /index.php/Admin/index/main.html
INFO: [ app_init ] --START--
INFO: Run Behavior\BuildLiteBehavior [ RunTime:0.000022s ]
INFO: [ app_init ] --END-- [ RunTime:0.000548s ]
INFO: [ app_begin ] --START--
INFO: Run Behavior\ReadHtmlCacheBehavior [ RunTime:0.000441s ]
INFO: [ app_begin ] --END-- [ RunTime:0.000503s ]
INFO: [ view_parse ] --START--
INFO: [ template_filter ] --START--
INFO: Run Behavior\ContentReplaceBehavior [ RunTime:0.000249s ]
INFO: [ template_filter ] --END-- [ RunTime:0.000338s ]
INFO: Run Behavior\ParseTemplateBehavior [ RunTime:0.046792s ]
INFO: [ view_parse ] --END-- [ RunTime:0.046868s ]
INFO: [ view_filter ] --START--
INFO: Run Behavior\WriteHtmlCacheBehavior [ RunTime:0.000250s ]
INFO: [ view_filter ] --END-- [ RunTime:0.000285s ]
INFO: [ app_end ] --START--
INFO: Run Behavior\ShowPageTraceBehavior [ RunTime:0.000594s ]
INFO: [ app_end ] --END-- [ RunTime:0.000686s ]

[ 2018-05-19T10:48:47+08:00 ] 127.0.0.1 /index.php/Admin/Goods/lists.html?v=4.0
INFO: [ app_init ] --START--
INFO: Run Behavior\BuildLiteBehavior [ RunTime:0.000013s ]
INFO: [ app_init ] --END-- [ RunTime:0.000314s ]
INFO: [ app_begin ] --START--
INFO: Run Behavior\ReadHtmlCacheBehavior [ RunTime:0.000390s ]
INFO: [ app_begin ] --END-- [ RunTime:0.000457s ]
ERR: 1146:Table 'dianshang.goods' doesn't exist
 [ SQL语句 ] : SHOW COLUMNS FROM `goods`
ERR: 1146:Table 'dianshang.goods' doesn't exist
 [ SQL语句 ] : SHOW COLUMNS FROM `goods`

[ 2018-05-19T10:48:48+08:00 ] 127.0.0.1 /index.php/Admin/Category/lists.html?v=4.0
INFO: [ app_init ] --START--
INFO: Run Behavior\BuildLiteBehavior [ RunTime:0.000012s ]
INFO: [ app_init ] --END-- [ RunTime:0.000295s ]
INFO: [ app_begin ] --START--
INFO: Run Behavior\ReadHtmlCacheBehavior [ RunTime:0.000445s ]
INFO: [ app_begin ] --END-- [ RunTime:0.000493s ]
ERR: 1146:Table 'dianshang.category' doesn't exist
 [ SQL语句 ] : SHOW COLUMNS FROM `category`
ERR: 1146:Table 'dianshang.category' doesn't exist
 [ SQL语句 ] : SHOW COLUMNS FROM `category`

[ 2018-05-19T10:50:56+08:00 ] 127.0.0.1 /Admin
INFO: [ app_init ] --START--
INFO: Run Behavior\BuildLiteBehavior [ RunTime:0.000013s ]
INFO: [ app_init ] --END-- [ RunTime:0.000334s ]
INFO: [ app_begin ] --START--
INFO: Run Behavior\ReadHtmlCacheBehavior [ RunTime:0.000521s ]
INFO: [ app_begin ] --END-- [ RunTime:0.000568s ]
INFO: [ view_parse ] --START--
INFO: [ template_filter ] --START--
INFO: Run Behavior\ContentReplaceBehavior [ RunTime:0.000179s ]
INFO: [ template_filter ] --END-- [ RunTime:0.000229s ]
INFO: Run Behavior\ParseTemplateBehavior [ RunTime:0.023412s ]
INFO: [ view_parse ] --END-- [ RunTime:0.023462s ]
INFO: [ view_filter ] --START--
INFO: Run Behavior\WriteHtmlCacheBehavior [ RunTime:0.000324s ]
INFO: [ view_filter ] --END-- [ RunTime:0.000369s ]
INFO: [ app_end ] --START--
INFO: Run Behavior\ShowPageTraceBehavior [ RunTime:0.000865s ]
INFO: [ app_end ] --END-- [ RunTime:0.000923s ]

[ 2018-05-19T10:50:56+08:00 ] 127.0.0.1 /index.php/Admin/index/main.html
INFO: [ app_init ] --START--
INFO: Run Behavior\BuildLiteBehavior [ RunTime:0.000013s ]
INFO: [ app_init ] --END-- [ RunTime:0.000319s ]
INFO: [ app_begin ] --START--
INFO: Run Behavior\ReadHtmlCacheBehavior [ RunTime:0.000399s ]
INFO: [ app_begin ] --END-- [ RunTime:0.000447s ]
INFO: [ view_parse ] --START--
INFO: [ template_filter ] --START--
INFO: Run Behavior\ContentReplaceBehavior [ RunTime:0.000247s ]
INFO: [ template_filter ] --END-- [ RunTime:0.000342s ]
INFO: Run Behavior\ParseTemplateBehavior [ RunTime:0.043216s ]
INFO: [ view_parse ] --END-- [ RunTime:0.043299s ]
INFO: [ view_filter ] --START--
INFO: Run Behavior\WriteHtmlCacheBehavior [ RunTime:0.000373s ]
INFO: [ view_filter ] --END-- [ RunTime:0.000453s ]
INFO: [ app_end ] --START--
INFO: Run Behavior\ShowPageTraceBehavior [ RunTime:0.000783s ]
INFO: [ app_end ] --END-- [ RunTime:0.000855s ]

[ 2018-05-19T10:50:59+08:00 ] 127.0.0.1 /index.php/Admin/Goods/lists.html?v=4.0
INFO: [ app_init ] --START--
INFO: Run Behavior\BuildLiteBehavior [ RunTime:0.000021s ]
INFO: [ app_init ] --END-- [ RunTime:0.000509s ]
INFO: [ app_begin ] --START--
INFO: Run Behavior\ReadHtmlCacheBehavior [ RunTime:0.001552s ]
INFO: [ app_begin ] --END-- [ RunTime:0.001726s ]
SQL: SHOW COLUMNS FROM `market` [ RunTime:0.0213s ]
SQL: SELECT * FROM `market` LIMIT 0,20   [ RunTime:0.0004s ]
INFO: [ view_parse ] --START--
INFO: [ template_filter ] --START--
INFO: Run Behavior\ContentReplaceBehavior [ RunTime:0.000051s ]
INFO: [ template_filter ] --END-- [ RunTime:0.000091s ]
NOTIC: [8] Undefined index: name E:\php\htdocs\douban\Application\Runtime\Cache\Admin\01ea1095153273d82c3a5707a91462bc.php 第 32 行.
NOTIC: [8] Undefined index: status E:\php\htdocs\douban\Application\Runtime\Cache\Admin\01ea1095153273d82c3a5707a91462bc.php 第 38 行.
NOTIC: [8] Undefined index: status E:\php\htdocs\douban\Application\Runtime\Cache\Admin\01ea1095153273d82c3a5707a91462bc.php 第 39 行.
NOTIC: [8] Undefined index: status E:\php\htdocs\douban\Application\Runtime\Cache\Admin\01ea1095153273d82c3a5707a91462bc.php 第 40 行.
NOTIC: [8] Undefined index: title E:\php\htdocs\douban\Application\Runtime\Cache\Admin\01ea1095153273d82c3a5707a91462bc.php 第 67 行.
NOTIC: [8] Undefined index: major_id E:\php\htdocs\douban\Application\Runtime\Cache\Admin\01ea1095153273d82c3a5707a91462bc.php 第 68 行.
NOTIC: [8] Undefined variable: cates E:\php\htdocs\douban\Application\Runtime\Cache\Admin\01ea1095153273d82c3a5707a91462bc.php 第 68 行.
NOTIC: [8] Undefined index: image E:\php\htdocs\douban\Application\Runtime\Cache\Admin\01ea1095153273d82c3a5707a91462bc.php 第 70 行.
NOTIC: [8] Undefined index: status E:\php\htdocs\douban\Application\Runtime\Cache\Admin\01ea1095153273d82c3a5707a91462bc.php 第 71 行.
NOTIC: [8] Undefined index: title E:\php\htdocs\douban\Application\Runtime\Cache\Admin\01ea1095153273d82c3a5707a91462bc.php 第 67 行.
NOTIC: [8] Undefined index: major_id E:\php\htdocs\douban\Application\Runtime\Cache\Admin\01ea1095153273d82c3a5707a91462bc.php 第 68 行.
NOTIC: [8] Undefined variable: cates E:\php\htdocs\douban\Application\Runtime\Cache\Admin\01ea1095153273d82c3a5707a91462bc.php 第 68 行.
NOTIC: [8] Undefined index: image E:\php\htdocs\douban\Application\Runtime\Cache\Admin\01ea1095153273d82c3a5707a91462bc.php 第 70 行.
NOTIC: [8] Undefined index: status E:\php\htdocs\douban\Application\Runtime\Cache\Admin\01ea1095153273d82c3a5707a91462bc.php 第 71 行.
NOTIC: [8] Undefined index: title E:\php\htdocs\douban\Application\Runtime\Cache\Admin\01ea1095153273d82c3a5707a91462bc.php 第 67 行.
NOTIC: [8] Undefined index: major_id E:\php\htdocs\douban\Application\Runtime\Cache\Admin\01ea1095153273d82c3a5707a91462bc.php 第 68 行.
NOTIC: [8] Undefined variable: cates E:\php\htdocs\douban\Application\Runtime\Cache\Admin\01ea1095153273d82c3a5707a91462bc.php 第 68 行.
NOTIC: [8] Undefined index: image E:\php\htdocs\douban\Application\Runtime\Cache\Admin\01ea1095153273d82c3a5707a91462bc.php 第 70 行.
NOTIC: [8] Undefined index: status E:\php\htdocs\douban\Application\Runtime\Cache\Admin\01ea1095153273d82c3a5707a91462bc.php 第 71 行.
NOTIC: [8] Undefined variable: page E:\php\htdocs\douban\Application\Runtime\Cache\Admin\01ea1095153273d82c3a5707a91462bc.php 第 77 行.
INFO: Run Behavior\ParseTemplateBehavior [ RunTime:0.079391s ]
INFO: [ view_parse ] --END-- [ RunTime:0.079446s ]
INFO: [ view_filter ] --START--
INFO: Run Behavior\WriteHtmlCacheBehavior [ RunTime:0.000441s ]
INFO: [ view_filter ] --END-- [ RunTime:0.000479s ]
INFO: [ app_end ] --START--
INFO: Run Behavior\ShowPageTraceBehavior [ RunTime:0.000547s ]
INFO: [ app_end ] --END-- [ RunTime:0.000591s ]

[ 2018-05-19T10:51:09+08:00 ] 127.0.0.1 /index.php/Admin/Goods/lists.html?name=&status=all
INFO: [ app_init ] --START--
INFO: Run Behavior\BuildLiteBehavior [ RunTime:0.000014s ]
INFO: [ app_init ] --END-- [ RunTime:0.000374s ]
INFO: [ app_begin ] --START--
INFO: Run Behavior\ReadHtmlCacheBehavior [ RunTime:0.000453s ]
INFO: [ app_begin ] --END-- [ RunTime:0.000506s ]
SQL: SHOW COLUMNS FROM `market` [ RunTime:0.0868s ]
SQL: SELECT * FROM `market` LIMIT 0,20   [ RunTime:0.0003s ]
INFO: [ view_parse ] --START--
INFO: [ template_filter ] --START--
INFO: Run Behavior\ContentReplaceBehavior [ RunTime:0.000058s ]
INFO: [ template_filter ] --END-- [ RunTime:0.000108s ]
NOTIC: [8] Undefined index: title E:\php\htdocs\douban\Application\Runtime\Cache\Admin\01ea1095153273d82c3a5707a91462bc.php 第 67 行.
NOTIC: [8] Undefined index: major_id E:\php\htdocs\douban\Application\Runtime\Cache\Admin\01ea1095153273d82c3a5707a91462bc.php 第 68 行.
NOTIC: [8] Undefined variable: cates E:\php\htdocs\douban\Application\Runtime\Cache\Admin\01ea1095153273d82c3a5707a91462bc.php 第 68 行.
NOTIC: [8] Undefined index: image E:\php\htdocs\douban\Application\Runtime\Cache\Admin\01ea1095153273d82c3a5707a91462bc.php 第 70 行.
NOTIC: [8] Undefined index: status E:\php\htdocs\douban\Application\Runtime\Cache\Admin\01ea1095153273d82c3a5707a91462bc.php 第 71 行.
NOTIC: [8] Undefined index: title E:\php\htdocs\douban\Application\Runtime\Cache\Admin\01ea1095153273d82c3a5707a91462bc.php 第 67 行.
NOTIC: [8] Undefined index: major_id E:\php\htdocs\douban\Application\Runtime\Cache\Admin\01ea1095153273d82c3a5707a91462bc.php 第 68 行.
NOTIC: [8] Undefined variable: cates E:\php\htdocs\douban\Application\Runtime\Cache\Admin\01ea1095153273d82c3a5707a91462bc.php 第 68 行.
NOTIC: [8] Undefined index: image E:\php\htdocs\douban\Application\Runtime\Cache\Admin\01ea1095153273d82c3a5707a91462bc.php 第 70 行.
NOTIC: [8] Undefined index: status E:\php\htdocs\douban\Application\Runtime\Cache\Admin\01ea1095153273d82c3a5707a91462bc.php 第 71 行.
NOTIC: [8] Undefined index: title E:\php\htdocs\douban\Application\Runtime\Cache\Admin\01ea1095153273d82c3a5707a91462bc.php 第 67 行.
NOTIC: [8] Undefined index: major_id E:\php\htdocs\douban\Application\Runtime\Cache\Admin\01ea1095153273d82c3a5707a91462bc.php 第 68 行.
NOTIC: [8] Undefined variable: cates E:\php\htdocs\douban\Application\Runtime\Cache\Admin\01ea1095153273d82c3a5707a91462bc.php 第 68 行.
NOTIC: [8] Undefined index: image E:\php\htdocs\douban\Application\Runtime\Cache\Admin\01ea1095153273d82c3a5707a91462bc.php 第 70 行.
NOTIC: [8] Undefined index: status E:\php\htdocs\douban\Application\Runtime\Cache\Admin\01ea1095153273d82c3a5707a91462bc.php 第 71 行.
NOTIC: [8] Undefined variable: page E:\php\htdocs\douban\Application\Runtime\Cache\Admin\01ea1095153273d82c3a5707a91462bc.php 第 77 行.
INFO: Run Behavior\ParseTemplateBehavior [ RunTime:0.007170s ]
INFO: [ view_parse ] --END-- [ RunTime:0.007211s ]
INFO: [ view_filter ] --START--
INFO: Run Behavior\WriteHtmlCacheBehavior [ RunTime:0.000219s ]
INFO: [ view_filter ] --END-- [ RunTime:0.000248s ]
INFO: [ app_end ] --START--
INFO: Run Behavior\ShowPageTraceBehavior [ RunTime:0.000393s ]
INFO: [ app_end ] --END-- [ RunTime:0.000429s ]

[ 2018-05-19T10:51:33+08:00 ] 127.0.0.1 /Admin
INFO: [ app_init ] --START--
INFO: Run Behavior\BuildLiteBehavior [ RunTime:0.000012s ]
INFO: [ app_init ] --END-- [ RunTime:0.000300s ]
INFO: [ app_begin ] --START--
INFO: Run Behavior\ReadHtmlCacheBehavior [ RunTime:0.000401s ]
INFO: [ app_begin ] --END-- [ RunTime:0.000443s ]
INFO: [ view_parse ] --START--
INFO: [ template_filter ] --START--
INFO: Run Behavior\ContentReplaceBehavior [ RunTime:0.000310s ]
INFO: [ template_filter ] --END-- [ RunTime:0.000397s ]
INFO: Run Behavior\ParseTemplateBehavior [ RunTime:0.023031s ]
INFO: [ view_parse ] --END-- [ RunTime:0.023087s ]
INFO: [ view_filter ] --START--
INFO: Run Behavior\WriteHtmlCacheBehavior [ RunTime:0.000224s ]
INFO: [ view_filter ] --END-- [ RunTime:0.000257s ]
INFO: [ app_end ] --START--
INFO: Run Behavior\ShowPageTraceBehavior [ RunTime:0.000560s ]
INFO: [ app_end ] --END-- [ RunTime:0.000626s ]

[ 2018-05-19T10:51:33+08:00 ] 127.0.0.1 /index.php/Admin/index/main.html
INFO: [ app_init ] --START--
INFO: Run Behavior\BuildLiteBehavior [ RunTime:0.000012s ]
INFO: [ app_init ] --END-- [ RunTime:0.000323s ]
INFO: [ app_begin ] --START--
INFO: Run Behavior\ReadHtmlCacheBehavior [ RunTime:0.000451s ]
INFO: [ app_begin ] --END-- [ RunTime:0.000511s ]
INFO: [ view_parse ] --START--
INFO: [ template_filter ] --START--
INFO: Run Behavior\ContentReplaceBehavior [ RunTime:0.000234s ]
INFO: [ template_filter ] --END-- [ RunTime:0.000310s ]
INFO: Run Behavior\ParseTemplateBehavior [ RunTime:0.044490s ]
INFO: [ view_parse ] --END-- [ RunTime:0.044727s ]
INFO: [ view_filter ] --START--
INFO: Run Behavior\WriteHtmlCacheBehavior [ RunTime:0.000526s ]
INFO: [ view_filter ] --END-- [ RunTime:0.000571s ]
INFO: [ app_end ] --START--
INFO: Run Behavior\ShowPageTraceBehavior [ RunTime:0.003002s ]
INFO: [ app_end ] --END-- [ RunTime:0.003209s ]

[ 2018-05-19T10:51:35+08:00 ] 127.0.0.1 /index.php/Admin/Goods/lists.html?v=4.0
INFO: [ app_init ] --START--
INFO: Run Behavior\BuildLiteBehavior [ RunTime:0.000020s ]
INFO: [ app_init ] --END-- [ RunTime:0.000577s ]
INFO: [ app_begin ] --START--
INFO: Run Behavior\ReadHtmlCacheBehavior [ RunTime:0.000640s ]
INFO: [ app_begin ] --END-- [ RunTime:0.000729s ]
SQL: SHOW COLUMNS FROM `market` [ RunTime:0.0245s ]
SQL: SELECT * FROM `market` LIMIT 0,20   [ RunTime:0.0003s ]
INFO: [ view_parse ] --START--
INFO: [ template_filter ] --START--
INFO: Run Behavior\ContentReplaceBehavior [ RunTime:0.000101s ]
INFO: [ template_filter ] --END-- [ RunTime:0.000188s ]
NOTIC: [8] Undefined index: name E:\php\htdocs\douban\Application\Runtime\Cache\Admin\01ea1095153273d82c3a5707a91462bc.php 第 32 行.
NOTIC: [8] Undefined index: status E:\php\htdocs\douban\Application\Runtime\Cache\Admin\01ea1095153273d82c3a5707a91462bc.php 第 38 行.
NOTIC: [8] Undefined index: status E:\php\htdocs\douban\Application\Runtime\Cache\Admin\01ea1095153273d82c3a5707a91462bc.php 第 39 行.
NOTIC: [8] Undefined index: status E:\php\htdocs\douban\Application\Runtime\Cache\Admin\01ea1095153273d82c3a5707a91462bc.php 第 40 行.
NOTIC: [8] Undefined index: title E:\php\htdocs\douban\Application\Runtime\Cache\Admin\01ea1095153273d82c3a5707a91462bc.php 第 67 行.
NOTIC: [8] Undefined index: major_id E:\php\htdocs\douban\Application\Runtime\Cache\Admin\01ea1095153273d82c3a5707a91462bc.php 第 68 行.
NOTIC: [8] Undefined variable: cates E:\php\htdocs\douban\Application\Runtime\Cache\Admin\01ea1095153273d82c3a5707a91462bc.php 第 68 行.
NOTIC: [8] Undefined index: image E:\php\htdocs\douban\Application\Runtime\Cache\Admin\01ea1095153273d82c3a5707a91462bc.php 第 70 行.
NOTIC: [8] Undefined index: status E:\php\htdocs\douban\Application\Runtime\Cache\Admin\01ea1095153273d82c3a5707a91462bc.php 第 71 行.
NOTIC: [8] Undefined index: title E:\php\htdocs\douban\Application\Runtime\Cache\Admin\01ea1095153273d82c3a5707a91462bc.php 第 67 行.
NOTIC: [8] Undefined index: major_id E:\php\htdocs\douban\Application\Runtime\Cache\Admin\01ea1095153273d82c3a5707a91462bc.php 第 68 行.
NOTIC: [8] Undefined variable: cates E:\php\htdocs\douban\Application\Runtime\Cache\Admin\01ea1095153273d82c3a5707a91462bc.php 第 68 行.
NOTIC: [8] Undefined index: image E:\php\htdocs\douban\Application\Runtime\Cache\Admin\01ea1095153273d82c3a5707a91462bc.php 第 70 行.
NOTIC: [8] Undefined index: status E:\php\htdocs\douban\Application\Runtime\Cache\Admin\01ea1095153273d82c3a5707a91462bc.php 第 71 行.
NOTIC: [8] Undefined index: title E:\php\htdocs\douban\Application\Runtime\Cache\Admin\01ea1095153273d82c3a5707a91462bc.php 第 67 行.
NOTIC: [8] Undefined index: major_id E:\php\htdocs\douban\Application\Runtime\Cache\Admin\01ea1095153273d82c3a5707a91462bc.php 第 68 行.
NOTIC: [8] Undefined variable: cates E:\php\htdocs\douban\Application\Runtime\Cache\Admin\01ea1095153273d82c3a5707a91462bc.php 第 68 行.
NOTIC: [8] Undefined index: image E:\php\htdocs\douban\Application\Runtime\Cache\Admin\01ea1095153273d82c3a5707a91462bc.php 第 70 行.
NOTIC: [8] Undefined index: status E:\php\htdocs\douban\Application\Runtime\Cache\Admin\01ea1095153273d82c3a5707a91462bc.php 第 71 行.
NOTIC: [8] Undefined variable: page E:\php\htdocs\douban\Application\Runtime\Cache\Admin\01ea1095153273d82c3a5707a91462bc.php 第 77 行.
INFO: Run Behavior\ParseTemplateBehavior [ RunTime:0.011787s ]
INFO: [ view_parse ] --END-- [ RunTime:0.011833s ]
INFO: [ view_filter ] --START--
INFO: Run Behavior\WriteHtmlCacheBehavior [ RunTime:0.000231s ]
INFO: [ view_filter ] --END-- [ RunTime:0.000264s ]
INFO: [ app_end ] --START--
INFO: Run Behavior\ShowPageTraceBehavior [ RunTime:0.000426s ]
INFO: [ app_end ] --END-- [ RunTime:0.000465s ]

[ 2018-05-19T14:23:42+08:00 ] 127.0.0.1 /Admin
INFO: [ app_init ] --START--
INFO: Run Behavior\BuildLiteBehavior [ RunTime:0.000015s ]
INFO: [ app_init ] --END-- [ RunTime:0.015678s ]
INFO: [ app_begin ] --START--
INFO: Run Behavior\ReadHtmlCacheBehavior [ RunTime:0.022352s ]
INFO: [ app_begin ] --END-- [ RunTime:0.022410s ]
INFO: [ view_parse ] --START--
INFO: [ template_filter ] --START--
INFO: Run Behavior\ContentReplaceBehavior [ RunTime:0.000297s ]
INFO: [ template_filter ] --END-- [ RunTime:0.000381s ]
INFO: Run Behavior\ParseTemplateBehavior [ RunTime:0.115220s ]
INFO: [ view_parse ] --END-- [ RunTime:0.115282s ]
INFO: [ view_filter ] --START--
INFO: Run Behavior\WriteHtmlCacheBehavior [ RunTime:0.015213s ]
INFO: [ view_filter ] --END-- [ RunTime:0.015265s ]
INFO: [ app_end ] --START--
INFO: Run Behavior\ShowPageTraceBehavior [ RunTime:0.023408s ]
INFO: [ app_end ] --END-- [ RunTime:0.023560s ]

[ 2018-05-19T14:23:42+08:00 ] 127.0.0.1 /index.php/Admin/index/main.html
INFO: [ app_init ] --START--
INFO: Run Behavior\BuildLiteBehavior [ RunTime:0.000013s ]
INFO: [ app_init ] --END-- [ RunTime:0.000379s ]
INFO: [ app_begin ] --START--
INFO: Run Behavior\ReadHtmlCacheBehavior [ RunTime:0.000528s ]
INFO: [ app_begin ] --END-- [ RunTime:0.000583s ]
INFO: [ view_parse ] --START--
INFO: [ template_filter ] --START--
INFO: Run Behavior\ContentReplaceBehavior [ RunTime:0.000147s ]
INFO: [ template_filter ] --END-- [ RunTime:0.000201s ]
INFO: Run Behavior\ParseTemplateBehavior [ RunTime:0.062734s ]
INFO: [ view_parse ] --END-- [ RunTime:0.062808s ]
INFO: [ view_filter ] --START--
INFO: Run Behavior\WriteHtmlCacheBehavior [ RunTime:0.000385s ]
INFO: [ view_filter ] --END-- [ RunTime:0.000431s ]
INFO: [ app_end ] --START--
INFO: Run Behavior\ShowPageTraceBehavior [ RunTime:0.000662s ]
INFO: [ app_end ] --END-- [ RunTime:0.000714s ]

[ 2018-05-19T14:23:45+08:00 ] 127.0.0.1 /index.php/Admin/Goods/lists.html?v=4.0
INFO: [ app_init ] --START--
INFO: Run Behavior\BuildLiteBehavior [ RunTime:0.000019s ]
INFO: [ app_init ] --END-- [ RunTime:0.000569s ]
INFO: [ app_begin ] --START--
INFO: Run Behavior\ReadHtmlCacheBehavior [ RunTime:0.000564s ]
INFO: [ app_begin ] --END-- [ RunTime:0.000643s ]
SQL: SHOW COLUMNS FROM `market` [ RunTime:0.0204s ]
SQL: SELECT * FROM `market` LIMIT 0,20   [ RunTime:0.0003s ]
INFO: [ view_parse ] --START--
INFO: [ template_filter ] --START--
INFO: Run Behavior\ContentReplaceBehavior [ RunTime:0.000050s ]
INFO: [ template_filter ] --END-- [ RunTime:0.000092s ]
NOTIC: [8] Undefined index: name E:\php\htdocs\douban\Application\Runtime\Cache\Admin\01ea1095153273d82c3a5707a91462bc.php 第 32 行.
NOTIC: [8] Undefined index: status E:\php\htdocs\douban\Application\Runtime\Cache\Admin\01ea1095153273d82c3a5707a91462bc.php 第 38 行.
NOTIC: [8] Undefined index: status E:\php\htdocs\douban\Application\Runtime\Cache\Admin\01ea1095153273d82c3a5707a91462bc.php 第 39 行.
NOTIC: [8] Undefined index: status E:\php\htdocs\douban\Application\Runtime\Cache\Admin\01ea1095153273d82c3a5707a91462bc.php 第 40 行.
NOTIC: [8] Undefined index: title E:\php\htdocs\douban\Application\Runtime\Cache\Admin\01ea1095153273d82c3a5707a91462bc.php 第 67 行.
NOTIC: [8] Undefined index: major_id E:\php\htdocs\douban\Application\Runtime\Cache\Admin\01ea1095153273d82c3a5707a91462bc.php 第 68 行.
NOTIC: [8] Undefined variable: cates E:\php\htdocs\douban\Application\Runtime\Cache\Admin\01ea1095153273d82c3a5707a91462bc.php 第 68 行.
NOTIC: [8] Undefined index: image E:\php\htdocs\douban\Application\Runtime\Cache\Admin\01ea1095153273d82c3a5707a91462bc.php 第 70 行.
NOTIC: [8] Undefined index: status E:\php\htdocs\douban\Application\Runtime\Cache\Admin\01ea1095153273d82c3a5707a91462bc.php 第 71 行.
NOTIC: [8] Undefined index: title E:\php\htdocs\douban\Application\Runtime\Cache\Admin\01ea1095153273d82c3a5707a91462bc.php 第 67 行.
NOTIC: [8] Undefined index: major_id E:\php\htdocs\douban\Application\Runtime\Cache\Admin\01ea1095153273d82c3a5707a91462bc.php 第 68 行.
NOTIC: [8] Undefined variable: cates E:\php\htdocs\douban\Application\Runtime\Cache\Admin\01ea1095153273d82c3a5707a91462bc.php 第 68 行.
NOTIC: [8] Undefined index: image E:\php\htdocs\douban\Application\Runtime\Cache\Admin\01ea1095153273d82c3a5707a91462bc.php 第 70 行.
NOTIC: [8] Undefined index: status E:\php\htdocs\douban\Application\Runtime\Cache\Admin\01ea1095153273d82c3a5707a91462bc.php 第 71 行.
NOTIC: [8] Undefined index: title E:\php\htdocs\douban\Application\Runtime\Cache\Admin\01ea1095153273d82c3a5707a91462bc.php 第 67 行.
NOTIC: [8] Undefined index: major_id E:\php\htdocs\douban\Application\Runtime\Cache\Admin\01ea1095153273d82c3a5707a91462bc.php 第 68 行.
NOTIC: [8] Undefined variable: cates E:\php\htdocs\douban\Application\Runtime\Cache\Admin\01ea1095153273d82c3a5707a91462bc.php 第 68 行.
NOTIC: [8] Undefined index: image E:\php\htdocs\douban\Application\Runtime\Cache\Admin\01ea1095153273d82c3a5707a91462bc.php 第 70 行.
NOTIC: [8] Undefined index: status E:\php\htdocs\douban\Application\Runtime\Cache\Admin\01ea1095153273d82c3a5707a91462bc.php 第 71 行.
NOTIC: [8] Undefined variable: page E:\php\htdocs\douban\Application\Runtime\Cache\Admin\01ea1095153273d82c3a5707a91462bc.php 第 77 行.
INFO: Run Behavior\ParseTemplateBehavior [ RunTime:0.039471s ]
INFO: [ view_parse ] --END-- [ RunTime:0.039518s ]
INFO: [ view_filter ] --START--
INFO: Run Behavior\WriteHtmlCacheBehavior [ RunTime:0.000322s ]
INFO: [ view_filter ] --END-- [ RunTime:0.000355s ]
INFO: [ app_end ] --START--
INFO: Run Behavior\ShowPageTraceBehavior [ RunTime:0.000548s ]
INFO: [ app_end ] --END-- [ RunTime:0.000593s ]

[ 2018-05-19T14:25:24+08:00 ] 127.0.0.1 /Admin
INFO: [ app_init ] --START--
INFO: Run Behavior\BuildLiteBehavior [ RunTime:0.000012s ]
INFO: [ app_init ] --END-- [ RunTime:0.000338s ]
INFO: [ app_begin ] --START--
INFO: Run Behavior\ReadHtmlCacheBehavior [ RunTime:0.000483s ]
INFO: [ app_begin ] --END-- [ RunTime:0.000528s ]
INFO: [ view_parse ] --START--
INFO: [ template_filter ] --START--
INFO: Run Behavior\ContentReplaceBehavior [ RunTime:0.000180s ]
INFO: [ template_filter ] --END-- [ RunTime:0.000239s ]
INFO: Run Behavior\ParseTemplateBehavior [ RunTime:0.028196s ]
INFO: [ view_parse ] --END-- [ RunTime:0.028244s ]
INFO: [ view_filter ] --START--
INFO: Run Behavior\WriteHtmlCacheBehavior [ RunTime:0.000339s ]
INFO: [ view_filter ] --END-- [ RunTime:0.000370s ]
INFO: [ app_end ] --START--
INFO: Run Behavior\ShowPageTraceBehavior [ RunTime:0.000637s ]
INFO: [ app_end ] --END-- [ RunTime:0.000692s ]

[ 2018-05-19T14:25:24+08:00 ] 127.0.0.1 /index.php/Admin/index/main.html
INFO: [ app_init ] --START--
INFO: Run Behavior\BuildLiteBehavior [ RunTime:0.000020s ]
INFO: [ app_init ] --END-- [ RunTime:0.000543s ]
INFO: [ app_begin ] --START--
INFO: Run Behavior\ReadHtmlCacheBehavior [ RunTime:0.000588s ]
INFO: [ app_begin ] --END-- [ RunTime:0.000662s ]
INFO: [ view_parse ] --START--
INFO: [ template_filter ] --START--
INFO: Run Behavior\ContentReplaceBehavior [ RunTime:0.000229s ]
INFO: [ template_filter ] --END-- [ RunTime:0.000303s ]
INFO: Run Behavior\ParseTemplateBehavior [ RunTime:0.040583s ]
INFO: [ view_parse ] --END-- [ RunTime:0.040674s ]
INFO: [ view_filter ] --START--
INFO: Run Behavior\WriteHtmlCacheBehavior [ RunTime:0.000370s ]
INFO: [ view_filter ] --END-- [ RunTime:0.000433s ]
INFO: [ app_end ] --START--
INFO: Run Behavior\ShowPageTraceBehavior [ RunTime:0.000744s ]
INFO: [ app_end ] --END-- [ RunTime:0.000832s ]

[ 2018-05-19T14:25:26+08:00 ] 127.0.0.1 /index.php/Admin/Goods/lists.html?v=4.0
INFO: [ app_init ] --START--
INFO: Run Behavior\BuildLiteBehavior [ RunTime:0.000015s ]
INFO: [ app_init ] --END-- [ RunTime:0.000996s ]
INFO: [ app_begin ] --START--
INFO: Run Behavior\ReadHtmlCacheBehavior [ RunTime:0.000620s ]
INFO: [ app_begin ] --END-- [ RunTime:0.000699s ]
SQL: SHOW COLUMNS FROM `market` [ RunTime:0.0219s ]
SQL: SELECT * FROM `market` LIMIT 0,20   [ RunTime:0.0004s ]
INFO: [ view_parse ] --START--
INFO: [ template_filter ] --START--
INFO: Run Behavior\ContentReplaceBehavior [ RunTime:0.000079s ]
INFO: [ template_filter ] --END-- [ RunTime:0.000138s ]
NOTIC: [8] Undefined index: name E:\php\htdocs\douban\Application\Runtime\Cache\Admin\01ea1095153273d82c3a5707a91462bc.php 第 32 行.
NOTIC: [8] Undefined index: status E:\php\htdocs\douban\Application\Runtime\Cache\Admin\01ea1095153273d82c3a5707a91462bc.php 第 38 行.
NOTIC: [8] Undefined index: status E:\php\htdocs\douban\Application\Runtime\Cache\Admin\01ea1095153273d82c3a5707a91462bc.php 第 39 行.
NOTIC: [8] Undefined index: status E:\php\htdocs\douban\Application\Runtime\Cache\Admin\01ea1095153273d82c3a5707a91462bc.php 第 40 行.
NOTIC: [8] Undefined index: major_id E:\php\htdocs\douban\Application\Runtime\Cache\Admin\01ea1095153273d82c3a5707a91462bc.php 第 68 行.
NOTIC: [8] Undefined variable: cates E:\php\htdocs\douban\Application\Runtime\Cache\Admin\01ea1095153273d82c3a5707a91462bc.php 第 68 行.
NOTIC: [8] Undefined index: image E:\php\htdocs\douban\Application\Runtime\Cache\Admin\01ea1095153273d82c3a5707a91462bc.php 第 70 行.
NOTIC: [8] Undefined index: status E:\php\htdocs\douban\Application\Runtime\Cache\Admin\01ea1095153273d82c3a5707a91462bc.php 第 71 行.
NOTIC: [8] Undefined index: major_id E:\php\htdocs\douban\Application\Runtime\Cache\Admin\01ea1095153273d82c3a5707a91462bc.php 第 68 行.
NOTIC: [8] Undefined variable: cates E:\php\htdocs\douban\Application\Runtime\Cache\Admin\01ea1095153273d82c3a5707a91462bc.php 第 68 行.
NOTIC: [8] Undefined index: image E:\php\htdocs\douban\Application\Runtime\Cache\Admin\01ea1095153273d82c3a5707a91462bc.php 第 70 行.
NOTIC: [8] Undefined index: status E:\php\htdocs\douban\Application\Runtime\Cache\Admin\01ea1095153273d82c3a5707a91462bc.php 第 71 行.
NOTIC: [8] Undefined index: major_id E:\php\htdocs\douban\Application\Runtime\Cache\Admin\01ea1095153273d82c3a5707a91462bc.php 第 68 行.
NOTIC: [8] Undefined variable: cates E:\php\htdocs\douban\Application\Runtime\Cache\Admin\01ea1095153273d82c3a5707a91462bc.php 第 68 行.
NOTIC: [8] Undefined index: image E:\php\htdocs\douban\Application\Runtime\Cache\Admin\01ea1095153273d82c3a5707a91462bc.php 第 70 行.
NOTIC: [8] Undefined index: status E:\php\htdocs\douban\Application\Runtime\Cache\Admin\01ea1095153273d82c3a5707a91462bc.php 第 71 行.
NOTIC: [8] Undefined variable: page E:\php\htdocs\douban\Application\Runtime\Cache\Admin\01ea1095153273d82c3a5707a91462bc.php 第 77 行.
INFO: Run Behavior\ParseTemplateBehavior [ RunTime:0.041381s ]
INFO: [ view_parse ] --END-- [ RunTime:0.041457s ]
INFO: [ view_filter ] --START--
INFO: Run Behavior\WriteHtmlCacheBehavior [ RunTime:0.000454s ]
INFO: [ view_filter ] --END-- [ RunTime:0.000492s ]
INFO: [ app_end ] --START--
INFO: Run Behavior\ShowPageTraceBehavior [ RunTime:0.000558s ]
INFO: [ app_end ] --END-- [ RunTime:0.000598s ]

[ 2018-05-19T15:41:08+08:00 ] 127.0.0.1 /Admin
INFO: [ app_init ] --START--
INFO: Run Behavior\BuildLiteBehavior [ RunTime:0.000020s ]
INFO: [ app_init ] --END-- [ RunTime:0.013918s ]
INFO: [ app_begin ] --START--
INFO: Run Behavior\ReadHtmlCacheBehavior [ RunTime:0.018674s ]
INFO: [ app_begin ] --END-- [ RunTime:0.018736s ]
INFO: [ view_parse ] --START--
INFO: [ template_filter ] --START--
INFO: Run Behavior\ContentReplaceBehavior [ RunTime:0.000190s ]
INFO: [ template_filter ] --END-- [ RunTime:0.000243s ]
INFO: Run Behavior\ParseTemplateBehavior [ RunTime:0.140063s ]
INFO: [ view_parse ] --END-- [ RunTime:0.140119s ]
INFO: [ view_filter ] --START--
INFO: Run Behavior\WriteHtmlCacheBehavior [ RunTime:0.012026s ]
INFO: [ view_filter ] --END-- [ RunTime:0.012070s ]
INFO: [ app_end ] --START--
INFO: Run Behavior\ShowPageTraceBehavior [ RunTime:0.022716s ]
INFO: [ app_end ] --END-- [ RunTime:0.022801s ]

[ 2018-05-19T15:41:08+08:00 ] 127.0.0.1 /index.php/Admin/index/main.html
INFO: [ app_init ] --START--
INFO: Run Behavior\BuildLiteBehavior [ RunTime:0.000025s ]
INFO: [ app_init ] --END-- [ RunTime:0.000658s ]
INFO: [ app_begin ] --START--
INFO: Run Behavior\ReadHtmlCacheBehavior [ RunTime:0.000562s ]
INFO: [ app_begin ] --END-- [ RunTime:0.000627s ]
INFO: [ view_parse ] --START--
INFO: [ template_filter ] --START--
INFO: Run Behavior\ContentReplaceBehavior [ RunTime:0.000173s ]
INFO: [ template_filter ] --END-- [ RunTime:0.000222s ]
INFO: Run Behavior\ParseTemplateBehavior [ RunTime:0.273820s ]
INFO: [ view_parse ] --END-- [ RunTime:0.273904s ]
INFO: [ view_filter ] --START--
INFO: Run Behavior\WriteHtmlCacheBehavior [ RunTime:0.000498s ]
INFO: [ view_filter ] --END-- [ RunTime:0.000552s ]
INFO: [ app_end ] --START--
INFO: Run Behavior\ShowPageTraceBehavior [ RunTime:0.000880s ]
INFO: [ app_end ] --END-- [ RunTime:0.000968s ]

[ 2018-05-19T15:41:11+08:00 ] 127.0.0.1 /index.php/Admin/Goods/lists.html?v=4.0
INFO: [ app_init ] --START--
INFO: Run Behavior\BuildLiteBehavior [ RunTime:0.000016s ]
INFO: [ app_init ] --END-- [ RunTime:0.000462s ]
INFO: [ app_begin ] --START--
INFO: Run Behavior\ReadHtmlCacheBehavior [ RunTime:0.000535s ]
INFO: [ app_begin ] --END-- [ RunTime:0.000590s ]
SQL: SHOW COLUMNS FROM `market` [ RunTime:0.0488s ]
SQL: SELECT * FROM `market` LIMIT 0,20   [ RunTime:0.0004s ]
INFO: [ view_parse ] --START--
INFO: [ template_filter ] --START--
INFO: Run Behavior\ContentReplaceBehavior [ RunTime:0.000052s ]
INFO: [ template_filter ] --END-- [ RunTime:0.000094s ]
NOTIC: [8] Undefined index: name E:\php\htdocs\douban\Application\Runtime\Cache\Admin\01ea1095153273d82c3a5707a91462bc.php 第 32 行.
NOTIC: [8] Undefined index: status E:\php\htdocs\douban\Application\Runtime\Cache\Admin\01ea1095153273d82c3a5707a91462bc.php 第 38 行.
NOTIC: [8] Undefined index: status E:\php\htdocs\douban\Application\Runtime\Cache\Admin\01ea1095153273d82c3a5707a91462bc.php 第 39 行.
NOTIC: [8] Undefined index: status E:\php\htdocs\douban\Application\Runtime\Cache\Admin\01ea1095153273d82c3a5707a91462bc.php 第 40 行.
NOTIC: [8] Undefined index: major_id E:\php\htdocs\douban\Application\Runtime\Cache\Admin\01ea1095153273d82c3a5707a91462bc.php 第 69 行.
NOTIC: [8] Undefined variable: cates E:\php\htdocs\douban\Application\Runtime\Cache\Admin\01ea1095153273d82c3a5707a91462bc.php 第 69 行.
NOTIC: [8] Undefined index: image E:\php\htdocs\douban\Application\Runtime\Cache\Admin\01ea1095153273d82c3a5707a91462bc.php 第 71 行.
NOTIC: [8] Undefined index: status E:\php\htdocs\douban\Application\Runtime\Cache\Admin\01ea1095153273d82c3a5707a91462bc.php 第 73 行.
NOTIC: [8] Undefined index: major_id E:\php\htdocs\douban\Application\Runtime\Cache\Admin\01ea1095153273d82c3a5707a91462bc.php 第 69 行.
NOTIC: [8] Undefined variable: cates E:\php\htdocs\douban\Application\Runtime\Cache\Admin\01ea1095153273d82c3a5707a91462bc.php 第 69 行.
NOTIC: [8] Undefined index: image E:\php\htdocs\douban\Application\Runtime\Cache\Admin\01ea1095153273d82c3a5707a91462bc.php 第 71 行.
NOTIC: [8] Undefined index: status E:\php\htdocs\douban\Application\Runtime\Cache\Admin\01ea1095153273d82c3a5707a91462bc.php 第 73 行.
NOTIC: [8] Undefined index: major_id E:\php\htdocs\douban\Application\Runtime\Cache\Admin\01ea1095153273d82c3a5707a91462bc.php 第 69 行.
NOTIC: [8] Undefined variable: cates E:\php\htdocs\douban\Application\Runtime\Cache\Admin\01ea1095153273d82c3a5707a91462bc.php 第 69 行.
NOTIC: [8] Undefined index: image E:\php\htdocs\douban\Application\Runtime\Cache\Admin\01ea1095153273d82c3a5707a91462bc.php 第 71 行.
NOTIC: [8] Undefined index: status E:\php\htdocs\douban\Application\Runtime\Cache\Admin\01ea1095153273d82c3a5707a91462bc.php 第 73 行.
NOTIC: [8] Undefined variable: page E:\php\htdocs\douban\Application\Runtime\Cache\Admin\01ea1095153273d82c3a5707a91462bc.php 第 79 行.
INFO: Run Behavior\ParseTemplateBehavior [ RunTime:0.065327s ]
INFO: [ view_parse ] --END-- [ RunTime:0.065373s ]
INFO: [ view_filter ] --START--
INFO: Run Behavior\WriteHtmlCacheBehavior [ RunTime:0.000316s ]
INFO: [ view_filter ] --END-- [ RunTime:0.000347s ]
INFO: [ app_end ] --START--
INFO: Run Behavior\ShowPageTraceBehavior [ RunTime:0.000484s ]
INFO: [ app_end ] --END-- [ RunTime:0.000521s ]

