[ 2018-05-27T09:20:38+08:00 ] 127.0.0.1 /index.php/Admin/Goods/lists.html?v=4.0
INFO: [ app_init ] --START--
INFO: Run Behavior\BuildLiteBehavior [ RunTime:0.000012s ]
INFO: [ app_init ] --END-- [ RunTime:0.000331s ]
INFO: [ app_begin ] --START--
INFO: Run Behavior\ReadHtmlCacheBehavior [ RunTime:0.000501s ]
INFO: [ app_begin ] --END-- [ RunTime:0.000548s ]
SQL: SHOW COLUMNS FROM `market` [ RunTime:0.0220s ]
SQL: SELECT * FROM `market` LIMIT 0,20   [ RunTime:0.0003s ]
SQL: SHOW COLUMNS FROM `tag` [ RunTime:0.0090s ]
SQL: SELECT * FROM `tag` WHERE `id` = 1 LIMIT 1   [ RunTime:0.0003s ]
SQL: SELECT * FROM `tag` WHERE `id` = 2 LIMIT 1   [ RunTime:0.0002s ]
SQL: SELECT * FROM `tag` WHERE `id` = 1 LIMIT 1   [ RunTime:0.0002s ]
SQL: SELECT * FROM `tag` WHERE `id` = 2 LIMIT 1   [ RunTime:0.0003s ]
SQL: SELECT * FROM `tag` WHERE `id` = 1 LIMIT 1   [ RunTime:0.0003s ]
SQL: SELECT * FROM `tag` WHERE `id` = 2 LIMIT 1   [ RunTime:0.0002s ]
SQL: SELECT * FROM `tag` WHERE `id` = 1 LIMIT 1   [ RunTime:0.0002s ]
INFO: [ view_parse ] --START--
INFO: [ template_filter ] --START--
INFO: Run Behavior\ContentReplaceBehavior [ RunTime:0.000054s ]
INFO: [ template_filter ] --END-- [ RunTime:0.000097s ]
NOTIC: [8] Undefined index: name E:\php\htdocs\douban\Application\Runtime\Cache\Admin\01ea1095153273d82c3a5707a91462bc.php 第 32 行.
NOTIC: [8] Undefined index: status E:\php\htdocs\douban\Application\Runtime\Cache\Admin\01ea1095153273d82c3a5707a91462bc.php 第 38 行.
NOTIC: [8] Undefined index: status E:\php\htdocs\douban\Application\Runtime\Cache\Admin\01ea1095153273d82c3a5707a91462bc.php 第 39 行.
NOTIC: [8] Undefined index: status E:\php\htdocs\douban\Application\Runtime\Cache\Admin\01ea1095153273d82c3a5707a91462bc.php 第 40 行.
NOTIC: [8] Undefined variable: page E:\php\htdocs\douban\Application\Runtime\Cache\Admin\01ea1095153273d82c3a5707a91462bc.php 第 88 行.
INFO: Run Behavior\ParseTemplateBehavior [ RunTime:0.015502s ]
INFO: [ view_parse ] --END-- [ RunTime:0.015551s ]
INFO: [ view_filter ] --START--
INFO: Run Behavior\WriteHtmlCacheBehavior [ RunTime:0.000511s ]
INFO: [ view_filter ] --END-- [ RunTime:0.000563s ]
INFO: [ app_end ] --START--
INFO: Run Behavior\ShowPageTraceBehavior [ RunTime:0.000651s ]
INFO: [ app_end ] --END-- [ RunTime:0.000718s ]

[ 2018-05-27T09:20:42+08:00 ] 127.0.0.1 /index.php/admin/goods/online/id/5.html
INFO: [ app_init ] --START--
INFO: Run Behavior\BuildLiteBehavior [ RunTime:0.000010s ]
INFO: [ app_init ] --END-- [ RunTime:0.000285s ]
INFO: [ app_begin ] --START--
INFO: Run Behavior\ReadHtmlCacheBehavior [ RunTime:0.000428s ]
INFO: [ app_begin ] --END-- [ RunTime:0.000479s ]
SQL: SHOW COLUMNS FROM `market` [ RunTime:0.0716s ]
SQL: UPDATE `market` SET `status`='1' WHERE `id` = 5 [ RunTime:0.1250s ]
INFO: [ view_parse ] --START--
INFO: [ template_filter ] --START--
INFO: Run Behavior\ContentReplaceBehavior [ RunTime:0.000034s ]
INFO: [ template_filter ] --END-- [ RunTime:0.000076s ]
INFO: Run Behavior\ParseTemplateBehavior [ RunTime:0.005544s ]
INFO: [ view_parse ] --END-- [ RunTime:0.005600s ]
INFO: [ view_filter ] --START--
INFO: Run Behavior\WriteHtmlCacheBehavior [ RunTime:0.000350s ]
INFO: [ view_filter ] --END-- [ RunTime:0.000392s ]
INFO: [ app_end ] --START--
INFO: Run Behavior\ShowPageTraceBehavior [ RunTime:0.000478s ]
INFO: [ app_end ] --END-- [ RunTime:0.000512s ]

[ 2018-05-27T09:20:43+08:00 ] 127.0.0.1 /index.php/admin/goods/lists.html
INFO: [ app_init ] --START--
INFO: Run Behavior\BuildLiteBehavior [ RunTime:0.000011s ]
INFO: [ app_init ] --END-- [ RunTime:0.000294s ]
INFO: [ app_begin ] --START--
INFO: Run Behavior\ReadHtmlCacheBehavior [ RunTime:0.000391s ]
INFO: [ app_begin ] --END-- [ RunTime:0.000432s ]
SQL: SHOW COLUMNS FROM `market` [ RunTime:0.0509s ]
SQL: SELECT * FROM `market` LIMIT 0,20   [ RunTime:0.0004s ]
SQL: SHOW COLUMNS FROM `tag` [ RunTime:0.0566s ]
SQL: SELECT * FROM `tag` WHERE `id` = 1 LIMIT 1   [ RunTime:0.0003s ]
SQL: SELECT * FROM `tag` WHERE `id` = 2 LIMIT 1   [ RunTime:0.0003s ]
SQL: SELECT * FROM `tag` WHERE `id` = 1 LIMIT 1   [ RunTime:0.0004s ]
SQL: SELECT * FROM `tag` WHERE `id` = 2 LIMIT 1   [ RunTime:0.0003s ]
SQL: SELECT * FROM `tag` WHERE `id` = 1 LIMIT 1   [ RunTime:0.0004s ]
SQL: SELECT * FROM `tag` WHERE `id` = 2 LIMIT 1   [ RunTime:0.0003s ]
SQL: SELECT * FROM `tag` WHERE `id` = 1 LIMIT 1   [ RunTime:0.0002s ]
INFO: [ view_parse ] --START--
INFO: [ template_filter ] --START--
INFO: Run Behavior\ContentReplaceBehavior [ RunTime:0.000089s ]
INFO: [ template_filter ] --END-- [ RunTime:0.000161s ]
NOTIC: [8] Undefined index: name E:\php\htdocs\douban\Application\Runtime\Cache\Admin\01ea1095153273d82c3a5707a91462bc.php 第 32 行.
NOTIC: [8] Undefined index: status E:\php\htdocs\douban\Application\Runtime\Cache\Admin\01ea1095153273d82c3a5707a91462bc.php 第 38 行.
NOTIC: [8] Undefined index: status E:\php\htdocs\douban\Application\Runtime\Cache\Admin\01ea1095153273d82c3a5707a91462bc.php 第 39 行.
NOTIC: [8] Undefined index: status E:\php\htdocs\douban\Application\Runtime\Cache\Admin\01ea1095153273d82c3a5707a91462bc.php 第 40 行.
NOTIC: [8] Undefined variable: page E:\php\htdocs\douban\Application\Runtime\Cache\Admin\01ea1095153273d82c3a5707a91462bc.php 第 88 行.
INFO: Run Behavior\ParseTemplateBehavior [ RunTime:0.014238s ]
INFO: [ view_parse ] --END-- [ RunTime:0.014328s ]
INFO: [ view_filter ] --START--
INFO: Run Behavior\WriteHtmlCacheBehavior [ RunTime:0.000617s ]
INFO: [ view_filter ] --END-- [ RunTime:0.000686s ]
INFO: [ app_end ] --START--
INFO: Run Behavior\ShowPageTraceBehavior [ RunTime:0.001012s ]
INFO: [ app_end ] --END-- [ RunTime:0.001103s ]

[ 2018-05-27T14:31:45+08:00 ] 127.0.0.1 /index.php/admin/car/doupdate.html
INFO: [ app_init ] --START--
INFO: Run Behavior\BuildLiteBehavior [ RunTime:0.000019s ]
INFO: [ app_init ] --END-- [ RunTime:0.000381s ]
INFO: [ app_begin ] --START--
INFO: Run Behavior\ReadHtmlCacheBehavior [ RunTime:0.000531s ]
INFO: [ app_begin ] --END-- [ RunTime:0.000610s ]
ERR: 无法加载控制器:Car

[ 2018-05-27T14:31:59+08:00 ] 127.0.0.1 /index.php/admin/car/doupdate.html
INFO: [ app_init ] --START--
INFO: Run Behavior\BuildLiteBehavior [ RunTime:0.000024s ]
INFO: [ app_init ] --END-- [ RunTime:0.000422s ]
INFO: [ app_begin ] --START--
INFO: Run Behavior\ReadHtmlCacheBehavior [ RunTime:0.000593s ]
INFO: [ app_begin ] --END-- [ RunTime:0.000672s ]
ERR: 无法加载控制器:Car

[ 2018-05-27T14:32:25+08:00 ] 127.0.0.1 /index.php/admin/car/doupdate.html
INFO: [ app_init ] --START--
INFO: Run Behavior\BuildLiteBehavior [ RunTime:0.000012s ]
INFO: [ app_init ] --END-- [ RunTime:0.000356s ]
INFO: [ app_begin ] --START--
INFO: Run Behavior\ReadHtmlCacheBehavior [ RunTime:0.000440s ]
INFO: [ app_begin ] --END-- [ RunTime:0.000497s ]
ERR: 无法加载控制器:Car

[ 2018-05-27T15:23:52+08:00 ] 127.0.0.1 /Admin
INFO: [ app_init ] --START--
INFO: Run Behavior\BuildLiteBehavior [ RunTime:0.000015s ]
INFO: [ app_init ] --END-- [ RunTime:0.000375s ]
INFO: [ app_begin ] --START--
INFO: Run Behavior\ReadHtmlCacheBehavior [ RunTime:0.000654s ]
INFO: [ app_begin ] --END-- [ RunTime:0.000699s ]
INFO: [ view_parse ] --START--
INFO: [ template_filter ] --START--
INFO: Run Behavior\ContentReplaceBehavior [ RunTime:0.000181s ]
INFO: [ template_filter ] --END-- [ RunTime:0.000235s ]
INFO: Run Behavior\ParseTemplateBehavior [ RunTime:0.068453s ]
INFO: [ view_parse ] --END-- [ RunTime:0.068523s ]
INFO: [ view_filter ] --START--
INFO: Run Behavior\WriteHtmlCacheBehavior [ RunTime:0.000625s ]
INFO: [ view_filter ] --END-- [ RunTime:0.000681s ]
INFO: [ app_end ] --START--
INFO: Run Behavior\ShowPageTraceBehavior [ RunTime:0.001609s ]
INFO: [ app_end ] --END-- [ RunTime:0.001796s ]

[ 2018-05-27T15:23:52+08:00 ] 127.0.0.1 /index.php/Admin/index/main.html
INFO: [ app_init ] --START--
INFO: Run Behavior\BuildLiteBehavior [ RunTime:0.000022s ]
INFO: [ app_init ] --END-- [ RunTime:0.000639s ]
INFO: [ app_begin ] --START--
INFO: Run Behavior\ReadHtmlCacheBehavior [ RunTime:0.001163s ]
INFO: [ app_begin ] --END-- [ RunTime:0.001256s ]
INFO: [ view_parse ] --START--
INFO: [ template_filter ] --START--
INFO: Run Behavior\ContentReplaceBehavior [ RunTime:0.000150s ]
INFO: [ template_filter ] --END-- [ RunTime:0.000203s ]
INFO: Run Behavior\ParseTemplateBehavior [ RunTime:0.163786s ]
INFO: [ view_parse ] --END-- [ RunTime:0.163882s ]
INFO: [ view_filter ] --START--
INFO: Run Behavior\WriteHtmlCacheBehavior [ RunTime:0.000941s ]
INFO: [ view_filter ] --END-- [ RunTime:0.001015s ]
INFO: [ app_end ] --START--
INFO: Run Behavior\ShowPageTraceBehavior [ RunTime:0.001289s ]
INFO: [ app_end ] --END-- [ RunTime:0.001382s ]

[ 2018-05-27T15:23:54+08:00 ] 127.0.0.1 /index.php/Admin/Ad/lists.html?v=4.0
INFO: [ app_init ] --START--
INFO: Run Behavior\BuildLiteBehavior [ RunTime:0.000043s ]
INFO: [ app_init ] --END-- [ RunTime:0.002025s ]
INFO: [ app_begin ] --START--
INFO: Run Behavior\ReadHtmlCacheBehavior [ RunTime:0.001075s ]
INFO: [ app_begin ] --END-- [ RunTime:0.001172s ]
SQL: SHOW COLUMNS FROM `ad` [ RunTime:0.0240s ]
SQL: SELECT * FROM `ad` LIMIT 0,20   [ RunTime:0.0004s ]
INFO: [ view_parse ] --START--
INFO: [ template_filter ] --START--
INFO: Run Behavior\ContentReplaceBehavior [ RunTime:0.000085s ]
INFO: [ template_filter ] --END-- [ RunTime:0.000156s ]
NOTIC: [8] Undefined index: name E:\php\htdocs\douban\Application\Runtime\Cache\Admin\1f62a6639e022b5675486dd9535038cd.php 第 32 行.
NOTIC: [8] Undefined index: status E:\php\htdocs\douban\Application\Runtime\Cache\Admin\1f62a6639e022b5675486dd9535038cd.php 第 38 行.
NOTIC: [8] Undefined index: status E:\php\htdocs\douban\Application\Runtime\Cache\Admin\1f62a6639e022b5675486dd9535038cd.php 第 39 行.
NOTIC: [8] Undefined index: status E:\php\htdocs\douban\Application\Runtime\Cache\Admin\1f62a6639e022b5675486dd9535038cd.php 第 40 行.
NOTIC: [8] Undefined variable: page E:\php\htdocs\douban\Application\Runtime\Cache\Admin\1f62a6639e022b5675486dd9535038cd.php 第 73 行.
INFO: Run Behavior\ParseTemplateBehavior [ RunTime:0.108626s ]
INFO: [ view_parse ] --END-- [ RunTime:0.108693s ]
INFO: [ view_filter ] --START--
INFO: Run Behavior\WriteHtmlCacheBehavior [ RunTime:0.000671s ]
INFO: [ view_filter ] --END-- [ RunTime:0.000727s ]
INFO: [ app_end ] --START--
INFO: Run Behavior\ShowPageTraceBehavior [ RunTime:0.000803s ]
INFO: [ app_end ] --END-- [ RunTime:0.000854s ]

[ 2018-05-27T15:23:58+08:00 ] 127.0.0.1 /index.php/Admin/Goods/lists.html?v=4.0
INFO: [ app_init ] --START--
INFO: Run Behavior\BuildLiteBehavior [ RunTime:0.000028s ]
INFO: [ app_init ] --END-- [ RunTime:0.001473s ]
INFO: [ app_begin ] --START--
INFO: Run Behavior\ReadHtmlCacheBehavior [ RunTime:0.001062s ]
INFO: [ app_begin ] --END-- [ RunTime:0.001156s ]
SQL: SHOW COLUMNS FROM `market` [ RunTime:0.0208s ]
SQL: SELECT * FROM `market` LIMIT 0,20   [ RunTime:0.0836s ]
SQL: SHOW COLUMNS FROM `tag` [ RunTime:0.0192s ]
SQL: SELECT * FROM `tag` WHERE `id` = 1 LIMIT 1   [ RunTime:0.0003s ]
SQL: SELECT * FROM `tag` WHERE `id` = 2 LIMIT 1   [ RunTime:0.0002s ]
SQL: SELECT * FROM `tag` WHERE `id` = 1 LIMIT 1   [ RunTime:0.0002s ]
SQL: SELECT * FROM `tag` WHERE `id` = 2 LIMIT 1   [ RunTime:0.0002s ]
SQL: SELECT * FROM `tag` WHERE `id` = 1 LIMIT 1   [ RunTime:0.0002s ]
SQL: SELECT * FROM `tag` WHERE `id` = 2 LIMIT 1   [ RunTime:0.0003s ]
SQL: SELECT * FROM `tag` WHERE `id` = 1 LIMIT 1   [ RunTime:0.0003s ]
INFO: [ view_parse ] --START--
INFO: [ template_filter ] --START--
INFO: Run Behavior\ContentReplaceBehavior [ RunTime:0.000098s ]
INFO: [ template_filter ] --END-- [ RunTime:0.000193s ]
NOTIC: [8] Undefined index: name E:\php\htdocs\douban\Application\Runtime\Cache\Admin\01ea1095153273d82c3a5707a91462bc.php 第 32 行.
NOTIC: [8] Undefined index: status E:\php\htdocs\douban\Application\Runtime\Cache\Admin\01ea1095153273d82c3a5707a91462bc.php 第 38 行.
NOTIC: [8] Undefined index: status E:\php\htdocs\douban\Application\Runtime\Cache\Admin\01ea1095153273d82c3a5707a91462bc.php 第 39 行.
NOTIC: [8] Undefined index: status E:\php\htdocs\douban\Application\Runtime\Cache\Admin\01ea1095153273d82c3a5707a91462bc.php 第 40 行.
NOTIC: [8] Undefined variable: page E:\php\htdocs\douban\Application\Runtime\Cache\Admin\01ea1095153273d82c3a5707a91462bc.php 第 88 行.
INFO: Run Behavior\ParseTemplateBehavior [ RunTime:0.094496s ]
INFO: [ view_parse ] --END-- [ RunTime:0.094553s ]
INFO: [ view_filter ] --START--
INFO: Run Behavior\WriteHtmlCacheBehavior [ RunTime:0.000934s ]
INFO: [ view_filter ] --END-- [ RunTime:0.000979s ]
INFO: [ app_end ] --START--
INFO: Run Behavior\ShowPageTraceBehavior [ RunTime:0.001079s ]
INFO: [ app_end ] --END-- [ RunTime:0.001303s ]

[ 2018-05-27T15:24:04+08:00 ] 127.0.0.1 /index.php/admin/goods/online/id/10.html
INFO: [ app_init ] --START--
INFO: Run Behavior\BuildLiteBehavior [ RunTime:0.000013s ]
INFO: [ app_init ] --END-- [ RunTime:0.000421s ]
INFO: [ app_begin ] --START--
INFO: Run Behavior\ReadHtmlCacheBehavior [ RunTime:0.000510s ]
INFO: [ app_begin ] --END-- [ RunTime:0.000574s ]
SQL: SHOW COLUMNS FROM `market` [ RunTime:0.0342s ]
SQL: UPDATE `market` SET `status`='1' WHERE `id` = 10 [ RunTime:0.0594s ]
INFO: [ view_parse ] --START--
INFO: [ template_filter ] --START--
INFO: Run Behavior\ContentReplaceBehavior [ RunTime:0.000034s ]
INFO: [ template_filter ] --END-- [ RunTime:0.000084s ]
INFO: Run Behavior\ParseTemplateBehavior [ RunTime:0.008036s ]
INFO: [ view_parse ] --END-- [ RunTime:0.008123s ]
INFO: [ view_filter ] --START--
INFO: Run Behavior\WriteHtmlCacheBehavior [ RunTime:0.000709s ]
INFO: [ view_filter ] --END-- [ RunTime:0.000775s ]
INFO: [ app_end ] --START--
INFO: Run Behavior\ShowPageTraceBehavior [ RunTime:0.001006s ]
INFO: [ app_end ] --END-- [ RunTime:0.001079s ]

[ 2018-05-27T15:24:05+08:00 ] 127.0.0.1 /index.php/admin/goods/lists.html
INFO: [ app_init ] --START--
INFO: Run Behavior\BuildLiteBehavior [ RunTime:0.000012s ]
INFO: [ app_init ] --END-- [ RunTime:0.000290s ]
INFO: [ app_begin ] --START--
INFO: Run Behavior\ReadHtmlCacheBehavior [ RunTime:0.000428s ]
INFO: [ app_begin ] --END-- [ RunTime:0.000507s ]
SQL: SHOW COLUMNS FROM `market` [ RunTime:0.0408s ]
SQL: SELECT * FROM `market` LIMIT 0,20   [ RunTime:0.0004s ]
SQL: SHOW COLUMNS FROM `tag` [ RunTime:0.0092s ]
SQL: SELECT * FROM `tag` WHERE `id` = 1 LIMIT 1   [ RunTime:0.0003s ]
SQL: SELECT * FROM `tag` WHERE `id` = 2 LIMIT 1   [ RunTime:0.0002s ]
SQL: SELECT * FROM `tag` WHERE `id` = 1 LIMIT 1   [ RunTime:0.0002s ]
SQL: SELECT * FROM `tag` WHERE `id` = 2 LIMIT 1   [ RunTime:0.0002s ]
SQL: SELECT * FROM `tag` WHERE `id` = 1 LIMIT 1   [ RunTime:0.0002s ]
SQL: SELECT * FROM `tag` WHERE `id` = 2 LIMIT 1   [ RunTime:0.0002s ]
SQL: SELECT * FROM `tag` WHERE `id` = 1 LIMIT 1   [ RunTime:0.0002s ]
INFO: [ view_parse ] --START--
INFO: [ template_filter ] --START--
INFO: Run Behavior\ContentReplaceBehavior [ RunTime:0.000092s ]
INFO: [ template_filter ] --END-- [ RunTime:0.000164s ]
NOTIC: [8] Undefined index: name E:\php\htdocs\douban\Application\Runtime\Cache\Admin\01ea1095153273d82c3a5707a91462bc.php 第 32 行.
NOTIC: [8] Undefined index: status E:\php\htdocs\douban\Application\Runtime\Cache\Admin\01ea1095153273d82c3a5707a91462bc.php 第 38 行.
NOTIC: [8] Undefined index: status E:\php\htdocs\douban\Application\Runtime\Cache\Admin\01ea1095153273d82c3a5707a91462bc.php 第 39 行.
NOTIC: [8] Undefined index: status E:\php\htdocs\douban\Application\Runtime\Cache\Admin\01ea1095153273d82c3a5707a91462bc.php 第 40 行.
NOTIC: [8] Undefined variable: page E:\php\htdocs\douban\Application\Runtime\Cache\Admin\01ea1095153273d82c3a5707a91462bc.php 第 88 行.
INFO: Run Behavior\ParseTemplateBehavior [ RunTime:0.011925s ]
INFO: [ view_parse ] --END-- [ RunTime:0.011999s ]
INFO: [ view_filter ] --START--
INFO: Run Behavior\WriteHtmlCacheBehavior [ RunTime:0.000592s ]
INFO: [ view_filter ] --END-- [ RunTime:0.000656s ]
INFO: [ app_end ] --START--
INFO: Run Behavior\ShowPageTraceBehavior [ RunTime:0.000964s ]
INFO: [ app_end ] --END-- [ RunTime:0.001051s ]

[ 2018-05-27T15:24:07+08:00 ] 127.0.0.1 /index.php/admin/goods/online/id/8.html
INFO: [ app_init ] --START--
INFO: Run Behavior\BuildLiteBehavior [ RunTime:0.000012s ]
INFO: [ app_init ] --END-- [ RunTime:0.000317s ]
INFO: [ app_begin ] --START--
INFO: Run Behavior\ReadHtmlCacheBehavior [ RunTime:0.000461s ]
INFO: [ app_begin ] --END-- [ RunTime:0.000508s ]
SQL: SHOW COLUMNS FROM `market` [ RunTime:0.0215s ]
SQL: UPDATE `market` SET `status`='1' WHERE `id` = 8 [ RunTime:0.0676s ]
INFO: [ view_parse ] --START--
INFO: [ template_filter ] --START--
INFO: Run Behavior\ContentReplaceBehavior [ RunTime:0.000055s ]
INFO: [ template_filter ] --END-- [ RunTime:0.000131s ]
INFO: Run Behavior\ParseTemplateBehavior [ RunTime:0.008710s ]
INFO: [ view_parse ] --END-- [ RunTime:0.008776s ]
INFO: [ view_filter ] --START--
INFO: Run Behavior\WriteHtmlCacheBehavior [ RunTime:0.000476s ]
INFO: [ view_filter ] --END-- [ RunTime:0.000528s ]
INFO: [ app_end ] --START--
INFO: Run Behavior\ShowPageTraceBehavior [ RunTime:0.000725s ]
INFO: [ app_end ] --END-- [ RunTime:0.000779s ]

[ 2018-05-27T15:24:08+08:00 ] 127.0.0.1 /index.php/admin/goods/lists.html
INFO: [ app_init ] --START--
INFO: Run Behavior\BuildLiteBehavior [ RunTime:0.000013s ]
INFO: [ app_init ] --END-- [ RunTime:0.000339s ]
INFO: [ app_begin ] --START--
INFO: Run Behavior\ReadHtmlCacheBehavior [ RunTime:0.000448s ]
INFO: [ app_begin ] --END-- [ RunTime:0.000491s ]
SQL: SHOW COLUMNS FROM `market` [ RunTime:0.0134s ]
SQL: SELECT * FROM `market` LIMIT 0,20   [ RunTime:0.0003s ]
SQL: SHOW COLUMNS FROM `tag` [ RunTime:0.0097s ]
SQL: SELECT * FROM `tag` WHERE `id` = 1 LIMIT 1   [ RunTime:0.0003s ]
SQL: SELECT * FROM `tag` WHERE `id` = 2 LIMIT 1   [ RunTime:0.0002s ]
SQL: SELECT * FROM `tag` WHERE `id` = 1 LIMIT 1   [ RunTime:0.0002s ]
SQL: SELECT * FROM `tag` WHERE `id` = 2 LIMIT 1   [ RunTime:0.0002s ]
SQL: SELECT * FROM `tag` WHERE `id` = 1 LIMIT 1   [ RunTime:0.0002s ]
SQL: SELECT * FROM `tag` WHERE `id` = 2 LIMIT 1   [ RunTime:0.0002s ]
SQL: SELECT * FROM `tag` WHERE `id` = 1 LIMIT 1   [ RunTime:0.0002s ]
INFO: [ view_parse ] --START--
INFO: [ template_filter ] --START--
INFO: Run Behavior\ContentReplaceBehavior [ RunTime:0.000053s ]
INFO: [ template_filter ] --END-- [ RunTime:0.000096s ]
NOTIC: [8] Undefined index: name E:\php\htdocs\douban\Application\Runtime\Cache\Admin\01ea1095153273d82c3a5707a91462bc.php 第 32 行.
NOTIC: [8] Undefined index: status E:\php\htdocs\douban\Application\Runtime\Cache\Admin\01ea1095153273d82c3a5707a91462bc.php 第 38 行.
NOTIC: [8] Undefined index: status E:\php\htdocs\douban\Application\Runtime\Cache\Admin\01ea1095153273d82c3a5707a91462bc.php 第 39 行.
NOTIC: [8] Undefined index: status E:\php\htdocs\douban\Application\Runtime\Cache\Admin\01ea1095153273d82c3a5707a91462bc.php 第 40 行.
NOTIC: [8] Undefined variable: page E:\php\htdocs\douban\Application\Runtime\Cache\Admin\01ea1095153273d82c3a5707a91462bc.php 第 88 行.
INFO: Run Behavior\ParseTemplateBehavior [ RunTime:0.009675s ]
INFO: [ view_parse ] --END-- [ RunTime:0.009726s ]
INFO: [ view_filter ] --START--
INFO: Run Behavior\WriteHtmlCacheBehavior [ RunTime:0.000430s ]
INFO: [ view_filter ] --END-- [ RunTime:0.000464s ]
INFO: [ app_end ] --START--
INFO: Run Behavior\ShowPageTraceBehavior [ RunTime:0.000915s ]
INFO: [ app_end ] --END-- [ RunTime:0.000995s ]

[ 2018-05-27T17:23:28+08:00 ] 127.0.0.1 /Admin
INFO: [ app_init ] --START--
INFO: Run Behavior\BuildLiteBehavior [ RunTime:0.000019s ]
INFO: [ app_init ] --END-- [ RunTime:0.000569s ]
INFO: [ app_begin ] --START--
INFO: Run Behavior\ReadHtmlCacheBehavior [ RunTime:0.001048s ]
INFO: [ app_begin ] --END-- [ RunTime:0.001130s ]
INFO: [ view_parse ] --START--
INFO: [ template_filter ] --START--
INFO: Run Behavior\ContentReplaceBehavior [ RunTime:0.000206s ]
INFO: [ template_filter ] --END-- [ RunTime:0.000259s ]
INFO: Run Behavior\ParseTemplateBehavior [ RunTime:0.075022s ]
INFO: [ view_parse ] --END-- [ RunTime:0.075101s ]
INFO: [ view_filter ] --START--
INFO: Run Behavior\WriteHtmlCacheBehavior [ RunTime:0.000556s ]
INFO: [ view_filter ] --END-- [ RunTime:0.000609s ]
INFO: [ app_end ] --START--
INFO: Run Behavior\ShowPageTraceBehavior [ RunTime:0.000863s ]
INFO: [ app_end ] --END-- [ RunTime:0.001308s ]

[ 2018-05-27T17:23:28+08:00 ] 127.0.0.1 /index.php/Admin/index/main.html
INFO: [ app_init ] --START--
INFO: Run Behavior\BuildLiteBehavior [ RunTime:0.000013s ]
INFO: [ app_init ] --END-- [ RunTime:0.000361s ]
INFO: [ app_begin ] --START--
INFO: Run Behavior\ReadHtmlCacheBehavior [ RunTime:0.001445s ]
INFO: [ app_begin ] --END-- [ RunTime:0.001734s ]
INFO: [ view_parse ] --START--
INFO: [ template_filter ] --START--
INFO: Run Behavior\ContentReplaceBehavior [ RunTime:0.000176s ]
INFO: [ template_filter ] --END-- [ RunTime:0.000257s ]
INFO: Run Behavior\ParseTemplateBehavior [ RunTime:0.172825s ]
INFO: [ view_parse ] --END-- [ RunTime:0.172931s ]
INFO: [ view_filter ] --START--
INFO: Run Behavior\WriteHtmlCacheBehavior [ RunTime:0.001303s ]
INFO: [ view_filter ] --END-- [ RunTime:0.001376s ]
INFO: [ app_end ] --START--
INFO: Run Behavior\ShowPageTraceBehavior [ RunTime:0.003270s ]
INFO: [ app_end ] --END-- [ RunTime:0.004312s ]

[ 2018-05-27T17:23:30+08:00 ] 127.0.0.1 /index.php/Admin/Goods/lists.html?v=4.0
INFO: [ app_init ] --START--
INFO: Run Behavior\BuildLiteBehavior [ RunTime:0.000019s ]
INFO: [ app_init ] --END-- [ RunTime:0.000535s ]
INFO: [ app_begin ] --START--
INFO: Run Behavior\ReadHtmlCacheBehavior [ RunTime:0.002599s ]
INFO: [ app_begin ] --END-- [ RunTime:0.002783s ]
SQL: SHOW COLUMNS FROM `market` [ RunTime:0.0225s ]
SQL: SELECT * FROM `market` LIMIT 0,20   [ RunTime:0.0003s ]
SQL: SHOW COLUMNS FROM `tag` [ RunTime:0.0094s ]
SQL: SELECT * FROM `tag` WHERE `id` = 1 LIMIT 1   [ RunTime:0.0002s ]
SQL: SELECT * FROM `tag` WHERE `id` = 2 LIMIT 1   [ RunTime:0.0001s ]
SQL: SELECT * FROM `tag` WHERE `id` = 2 LIMIT 1   [ RunTime:0.0002s ]
SQL: SELECT * FROM `tag` WHERE `id` = 1 LIMIT 1   [ RunTime:0.0002s ]
SQL: SELECT * FROM `tag` WHERE `id` = 2 LIMIT 1   [ RunTime:0.0001s ]
SQL: SELECT * FROM `tag` WHERE `id` = 1 LIMIT 1   [ RunTime:0.0001s ]
SQL: SELECT * FROM `tag` WHERE `id` = 2 LIMIT 1   [ RunTime:0.0001s ]
SQL: SELECT * FROM `tag` WHERE `id` = 1 LIMIT 1   [ RunTime:0.0001s ]
INFO: [ view_parse ] --START--
INFO: [ template_filter ] --START--
INFO: Run Behavior\ContentReplaceBehavior [ RunTime:0.000093s ]
INFO: [ template_filter ] --END-- [ RunTime:0.000178s ]
NOTIC: [8] Undefined index: name E:\php\htdocs\douban\Application\Runtime\Cache\Admin\01ea1095153273d82c3a5707a91462bc.php 第 32 行.
NOTIC: [8] Undefined index: status E:\php\htdocs\douban\Application\Runtime\Cache\Admin\01ea1095153273d82c3a5707a91462bc.php 第 38 行.
NOTIC: [8] Undefined index: status E:\php\htdocs\douban\Application\Runtime\Cache\Admin\01ea1095153273d82c3a5707a91462bc.php 第 39 行.
NOTIC: [8] Undefined index: status E:\php\htdocs\douban\Application\Runtime\Cache\Admin\01ea1095153273d82c3a5707a91462bc.php 第 40 行.
NOTIC: [8] Undefined variable: page E:\php\htdocs\douban\Application\Runtime\Cache\Admin\01ea1095153273d82c3a5707a91462bc.php 第 88 行.
INFO: Run Behavior\ParseTemplateBehavior [ RunTime:0.139711s ]
INFO: [ view_parse ] --END-- [ RunTime:0.139756s ]
INFO: [ view_filter ] --START--
INFO: Run Behavior\WriteHtmlCacheBehavior [ RunTime:0.000478s ]
INFO: [ view_filter ] --END-- [ RunTime:0.000516s ]
INFO: [ app_end ] --START--
INFO: Run Behavior\ShowPageTraceBehavior [ RunTime:0.000900s ]
INFO: [ app_end ] --END-- [ RunTime:0.000982s ]

